[1.505s] DEBUG:colcon:Command line arguments: ['/usr/bin/colcon', 'build']
[1.505s] DEBUG:colcon:Parsed command line arguments: Namespace(log_base=None, log_level=None, verb_name='build', build_base='build', install_base='install', merge_install=False, symlink_install=False, test_result_base=None, continue_on_error=False, executor='parallel', parallel_workers=8, event_handlers=None, ignore_user_meta=False, metas=['./colcon.meta'], base_paths=['.'], packages_ignore=None, packages_ignore_regex=None, paths=None, packages_up_to=None, packages_up_to_regex=None, packages_above=None, packages_above_and_dependencies=None, packages_above_depth=None, packages_select_by_dep=None, packages_skip_by_dep=None, packages_skip_up_to=None, packages_select_build_failed=False, packages_skip_build_finished=False, packages_select_test_failures=False, packages_skip_test_passed=False, packages_select=None, packages_skip=None, packages_select_regex=None, packages_skip_regex=None, packages_start=None, packages_end=None, allow_overriding=[], cmake_args=None, cmake_target=None, cmake_target_skip_unavailable=False, cmake_clean_cache=False, cmake_clean_first=False, cmake_force_configure=False, ament_cmake_args=None, catkin_cmake_args=None, catkin_skip_building_tests=False, verb_parser=<colcon_defaults.argument_parser.defaults.DefaultArgumentsDecorator object at 0x7f6060a6b130>, verb_extension=<colcon_core.verb.build.BuildVerb object at 0x7f6060a6b040>, main=<bound method BuildVerb.main of <colcon_core.verb.build.BuildVerb object at 0x7f6060a6b040>>)
[1.594s] Level 1:colcon.colcon_core.package_discovery:discover_packages(colcon_meta) check parameters
[1.594s] Level 1:colcon.colcon_core.package_discovery:discover_packages(recursive) check parameters
[1.594s] Level 1:colcon.colcon_core.package_discovery:discover_packages(ignore) check parameters
[1.594s] Level 1:colcon.colcon_core.package_discovery:discover_packages(path) check parameters
[1.594s] Level 1:colcon.colcon_core.package_discovery:discover_packages(colcon_meta) discover
[1.594s] Level 1:colcon.colcon_core.package_discovery:discover_packages(recursive) discover
[1.594s] INFO:colcon.colcon_core.package_discovery:Crawling recursively for packages in '/home/tanawatp/BaLEGce/balegce_test_ws'
[1.594s] Level 1:colcon.colcon_core.package_identification:_identify(.) by extensions ['ignore', 'ignore_ament_install']
[1.595s] Level 1:colcon.colcon_core.package_identification:_identify(.) by extension 'ignore'
[1.595s] Level 1:colcon.colcon_core.package_identification:_identify(.) by extension 'ignore_ament_install'
[1.595s] Level 1:colcon.colcon_core.package_identification:_identify(.) by extensions ['colcon_pkg']
[1.595s] Level 1:colcon.colcon_core.package_identification:_identify(.) by extension 'colcon_pkg'
[1.595s] Level 1:colcon.colcon_core.package_identification:_identify(.) by extensions ['colcon_meta']
[1.595s] Level 1:colcon.colcon_core.package_identification:_identify(.) by extension 'colcon_meta'
[1.595s] Level 1:colcon.colcon_core.package_identification:_identify(.) by extensions ['ros']
[1.595s] Level 1:colcon.colcon_core.package_identification:_identify(.) by extension 'ros'
[1.611s] Level 1:colcon.colcon_core.package_identification:_identify(.) by extensions ['cmake', 'python']
[1.611s] Level 1:colcon.colcon_core.package_identification:_identify(.) by extension 'cmake'
[1.611s] Level 1:colcon.colcon_core.package_identification:_identify(.) by extension 'python'
[1.611s] Level 1:colcon.colcon_core.package_identification:_identify(.) by extensions ['python_setup_py']
[1.611s] Level 1:colcon.colcon_core.package_identification:_identify(.) by extension 'python_setup_py'
[1.611s] Level 1:colcon.colcon_core.package_identification:_identify(build) by extensions ['ignore', 'ignore_ament_install']
[1.611s] Level 1:colcon.colcon_core.package_identification:_identify(build) by extension 'ignore'
[1.611s] Level 1:colcon.colcon_core.package_identification:_identify(build) ignored
[1.612s] Level 1:colcon.colcon_core.package_identification:_identify(install) by extensions ['ignore', 'ignore_ament_install']
[1.612s] Level 1:colcon.colcon_core.package_identification:_identify(install) by extension 'ignore'
[1.612s] Level 1:colcon.colcon_core.package_identification:_identify(install) ignored
[1.612s] Level 1:colcon.colcon_core.package_identification:_identify(log) by extensions ['ignore', 'ignore_ament_install']
[1.612s] Level 1:colcon.colcon_core.package_identification:_identify(log) by extension 'ignore'
[1.612s] Level 1:colcon.colcon_core.package_identification:_identify(log) ignored
[1.612s] Level 1:colcon.colcon_core.package_identification:_identify(src) by extensions ['ignore', 'ignore_ament_install']
[1.612s] Level 1:colcon.colcon_core.package_identification:_identify(src) by extension 'ignore'
[1.612s] Level 1:colcon.colcon_core.package_identification:_identify(src) by extension 'ignore_ament_install'
[1.612s] Level 1:colcon.colcon_core.package_identification:_identify(src) by extensions ['colcon_pkg']
[1.612s] Level 1:colcon.colcon_core.package_identification:_identify(src) by extension 'colcon_pkg'
[1.612s] Level 1:colcon.colcon_core.package_identification:_identify(src) by extensions ['colcon_meta']
[1.612s] Level 1:colcon.colcon_core.package_identification:_identify(src) by extension 'colcon_meta'
[1.612s] Level 1:colcon.colcon_core.package_identification:_identify(src) by extensions ['ros']
[1.612s] Level 1:colcon.colcon_core.package_identification:_identify(src) by extension 'ros'
[1.613s] Level 1:colcon.colcon_core.package_identification:_identify(src) by extensions ['cmake', 'python']
[1.613s] Level 1:colcon.colcon_core.package_identification:_identify(src) by extension 'cmake'
[1.613s] Level 1:colcon.colcon_core.package_identification:_identify(src) by extension 'python'
[1.613s] Level 1:colcon.colcon_core.package_identification:_identify(src) by extensions ['python_setup_py']
[1.613s] Level 1:colcon.colcon_core.package_identification:_identify(src) by extension 'python_setup_py'
[1.613s] Level 1:colcon.colcon_core.package_identification:_identify(src/balegce) by extensions ['ignore', 'ignore_ament_install']
[1.613s] Level 1:colcon.colcon_core.package_identification:_identify(src/balegce) by extension 'ignore'
[1.613s] Level 1:colcon.colcon_core.package_identification:_identify(src/balegce) by extension 'ignore_ament_install'
[1.613s] Level 1:colcon.colcon_core.package_identification:_identify(src/balegce) by extensions ['colcon_pkg']
[1.613s] Level 1:colcon.colcon_core.package_identification:_identify(src/balegce) by extension 'colcon_pkg'
[1.613s] Level 1:colcon.colcon_core.package_identification:_identify(src/balegce) by extensions ['colcon_meta']
[1.613s] Level 1:colcon.colcon_core.package_identification:_identify(src/balegce) by extension 'colcon_meta'
[1.613s] Level 1:colcon.colcon_core.package_identification:_identify(src/balegce) by extensions ['ros']
[1.613s] Level 1:colcon.colcon_core.package_identification:_identify(src/balegce) by extension 'ros'
[1.618s] DEBUG:colcon.colcon_core.package_identification:Package 'src/balegce' with type 'ros.ament_cmake' and name 'balegce'
[1.618s] Level 1:colcon.colcon_core.package_identification:_identify(src/balegce_controller) by extensions ['ignore', 'ignore_ament_install']
[1.618s] Level 1:colcon.colcon_core.package_identification:_identify(src/balegce_controller) by extension 'ignore'
[1.618s] Level 1:colcon.colcon_core.package_identification:_identify(src/balegce_controller) by extension 'ignore_ament_install'
[1.618s] Level 1:colcon.colcon_core.package_identification:_identify(src/balegce_controller) by extensions ['colcon_pkg']
[1.619s] Level 1:colcon.colcon_core.package_identification:_identify(src/balegce_controller) by extension 'colcon_pkg'
[1.619s] Level 1:colcon.colcon_core.package_identification:_identify(src/balegce_controller) by extensions ['colcon_meta']
[1.619s] Level 1:colcon.colcon_core.package_identification:_identify(src/balegce_controller) by extension 'colcon_meta'
[1.619s] Level 1:colcon.colcon_core.package_identification:_identify(src/balegce_controller) by extensions ['ros']
[1.619s] Level 1:colcon.colcon_core.package_identification:_identify(src/balegce_controller) by extension 'ros'
[1.620s] DEBUG:colcon.colcon_core.package_identification:Package 'src/balegce_controller' with type 'ros.ament_cmake' and name 'balegce_controller'
[1.620s] Level 1:colcon.colcon_core.package_identification:_identify(src/balegce_gazebo) by extensions ['ignore', 'ignore_ament_install']
[1.620s] Level 1:colcon.colcon_core.package_identification:_identify(src/balegce_gazebo) by extension 'ignore'
[1.620s] Level 1:colcon.colcon_core.package_identification:_identify(src/balegce_gazebo) by extension 'ignore_ament_install'
[1.620s] Level 1:colcon.colcon_core.package_identification:_identify(src/balegce_gazebo) by extensions ['colcon_pkg']
[1.620s] Level 1:colcon.colcon_core.package_identification:_identify(src/balegce_gazebo) by extension 'colcon_pkg'
[1.620s] Level 1:colcon.colcon_core.package_identification:_identify(src/balegce_gazebo) by extensions ['colcon_meta']
[1.620s] Level 1:colcon.colcon_core.package_identification:_identify(src/balegce_gazebo) by extension 'colcon_meta'
[1.620s] Level 1:colcon.colcon_core.package_identification:_identify(src/balegce_gazebo) by extensions ['ros']
[1.620s] Level 1:colcon.colcon_core.package_identification:_identify(src/balegce_gazebo) by extension 'ros'
[1.621s] DEBUG:colcon.colcon_core.package_identification:Package 'src/balegce_gazebo' with type 'ros.ament_cmake' and name 'balegce_gazebo'
[1.621s] Level 1:colcon.colcon_core.package_identification:_identify(src/motor_control) by extensions ['ignore', 'ignore_ament_install']
[1.621s] Level 1:colcon.colcon_core.package_identification:_identify(src/motor_control) by extension 'ignore'
[1.621s] Level 1:colcon.colcon_core.package_identification:_identify(src/motor_control) by extension 'ignore_ament_install'
[1.621s] Level 1:colcon.colcon_core.package_identification:_identify(src/motor_control) by extensions ['colcon_pkg']
[1.621s] Level 1:colcon.colcon_core.package_identification:_identify(src/motor_control) by extension 'colcon_pkg'
[1.621s] Level 1:colcon.colcon_core.package_identification:_identify(src/motor_control) by extensions ['colcon_meta']
[1.621s] Level 1:colcon.colcon_core.package_identification:_identify(src/motor_control) by extension 'colcon_meta'
[1.622s] Level 1:colcon.colcon_core.package_identification:_identify(src/motor_control) by extensions ['ros']
[1.622s] Level 1:colcon.colcon_core.package_identification:_identify(src/motor_control) by extension 'ros'
[1.622s] DEBUG:colcon.colcon_core.package_identification:Package 'src/motor_control' with type 'ros.ament_cmake' and name 'motor_control'
[1.623s] Level 1:colcon.colcon_core.package_identification:_identify(src/read_sensor) by extensions ['ignore', 'ignore_ament_install']
[1.623s] Level 1:colcon.colcon_core.package_identification:_identify(src/read_sensor) by extension 'ignore'
[1.623s] Level 1:colcon.colcon_core.package_identification:_identify(src/read_sensor) by extension 'ignore_ament_install'
[1.623s] Level 1:colcon.colcon_core.package_identification:_identify(src/read_sensor) by extensions ['colcon_pkg']
[1.623s] Level 1:colcon.colcon_core.package_identification:_identify(src/read_sensor) by extension 'colcon_pkg'
[1.623s] Level 1:colcon.colcon_core.package_identification:_identify(src/read_sensor) by extensions ['colcon_meta']
[1.623s] Level 1:colcon.colcon_core.package_identification:_identify(src/read_sensor) by extension 'colcon_meta'
[1.623s] Level 1:colcon.colcon_core.package_identification:_identify(src/read_sensor) by extensions ['ros']
[1.623s] Level 1:colcon.colcon_core.package_identification:_identify(src/read_sensor) by extension 'ros'
[1.624s] DEBUG:colcon.colcon_core.package_identification:Package 'src/read_sensor' with type 'ros.ament_cmake' and name 'read_sensor'
[1.624s] Level 1:colcon.colcon_core.package_discovery:discover_packages(recursive) using defaults
[1.624s] Level 1:colcon.colcon_core.package_discovery:discover_packages(ignore) discover
[1.624s] Level 1:colcon.colcon_core.package_discovery:discover_packages(ignore) using defaults
[1.624s] Level 1:colcon.colcon_core.package_discovery:discover_packages(path) discover
[1.624s] Level 1:colcon.colcon_core.package_discovery:discover_packages(path) using defaults
[1.750s] Level 1:colcon.colcon_core.package_discovery:discover_packages(prefix_path) check parameters
[1.750s] Level 1:colcon.colcon_core.package_discovery:discover_packages(prefix_path) discover
[1.791s] DEBUG:colcon.colcon_installed_package_information.package_discovery:Found 5 installed packages in /home/tanawatp/BaLEGce/balegce_ws/install
[1.809s] DEBUG:colcon.colcon_installed_package_information.package_discovery:Found 6 installed packages in /home/tanawatp/humanoid_ws/install
[1.828s] DEBUG:colcon.colcon_installed_package_information.package_discovery:Found 8 installed packages in /home/tanawatp/fra501_robotdevop/fra501_ws/install
[1.861s] DEBUG:colcon.colcon_installed_package_information.package_discovery:Found 2 installed packages in /home/tanawatp/ros2_workspaceTutorial/install
[1.882s] DEBUG:colcon.colcon_installed_package_information.package_discovery:Found 376 installed packages in /opt/ros/humble
[1.884s] Level 1:colcon.colcon_core.package_discovery:discover_packages(prefix_path) using defaults
[2.016s] Level 5:colcon.colcon_core.verb:set package 'balegce' build argument 'cmake_args' from command line to 'None'
[2.016s] Level 5:colcon.colcon_core.verb:set package 'balegce' build argument 'cmake_target' from command line to 'None'
[2.016s] Level 5:colcon.colcon_core.verb:set package 'balegce' build argument 'cmake_target_skip_unavailable' from command line to 'False'
[2.016s] Level 5:colcon.colcon_core.verb:set package 'balegce' build argument 'cmake_clean_cache' from command line to 'False'
[2.016s] Level 5:colcon.colcon_core.verb:set package 'balegce' build argument 'cmake_clean_first' from command line to 'False'
[2.016s] Level 5:colcon.colcon_core.verb:set package 'balegce' build argument 'cmake_force_configure' from command line to 'False'
[2.016s] Level 5:colcon.colcon_core.verb:set package 'balegce' build argument 'ament_cmake_args' from command line to 'None'
[2.016s] Level 5:colcon.colcon_core.verb:set package 'balegce' build argument 'catkin_cmake_args' from command line to 'None'
[2.016s] Level 5:colcon.colcon_core.verb:set package 'balegce' build argument 'catkin_skip_building_tests' from command line to 'False'
[2.016s] DEBUG:colcon.colcon_core.verb:Building package 'balegce' with the following arguments: {'ament_cmake_args': None, 'build_base': '/home/tanawatp/BaLEGce/balegce_test_ws/build/balegce', 'catkin_cmake_args': None, 'catkin_skip_building_tests': False, 'cmake_args': None, 'cmake_clean_cache': False, 'cmake_clean_first': False, 'cmake_force_configure': False, 'cmake_target': None, 'cmake_target_skip_unavailable': False, 'install_base': '/home/tanawatp/BaLEGce/balegce_test_ws/install/balegce', 'merge_install': False, 'path': '/home/tanawatp/BaLEGce/balegce_test_ws/src/balegce', 'symlink_install': False, 'test_result_base': None}
[2.035s] Level 5:colcon.colcon_core.verb:set package 'balegce_controller' build argument 'cmake_args' from command line to 'None'
[2.035s] Level 5:colcon.colcon_core.verb:set package 'balegce_controller' build argument 'cmake_target' from command line to 'None'
[2.035s] Level 5:colcon.colcon_core.verb:set package 'balegce_controller' build argument 'cmake_target_skip_unavailable' from command line to 'False'
[2.035s] Level 5:colcon.colcon_core.verb:set package 'balegce_controller' build argument 'cmake_clean_cache' from command line to 'False'
[2.035s] Level 5:colcon.colcon_core.verb:set package 'balegce_controller' build argument 'cmake_clean_first' from command line to 'False'
[2.035s] Level 5:colcon.colcon_core.verb:set package 'balegce_controller' build argument 'cmake_force_configure' from command line to 'False'
[2.035s] Level 5:colcon.colcon_core.verb:set package 'balegce_controller' build argument 'ament_cmake_args' from command line to 'None'
[2.035s] Level 5:colcon.colcon_core.verb:set package 'balegce_controller' build argument 'catkin_cmake_args' from command line to 'None'
[2.035s] Level 5:colcon.colcon_core.verb:set package 'balegce_controller' build argument 'catkin_skip_building_tests' from command line to 'False'
[2.035s] DEBUG:colcon.colcon_core.verb:Building package 'balegce_controller' with the following arguments: {'ament_cmake_args': None, 'build_base': '/home/tanawatp/BaLEGce/balegce_test_ws/build/balegce_controller', 'catkin_cmake_args': None, 'catkin_skip_building_tests': False, 'cmake_args': None, 'cmake_clean_cache': False, 'cmake_clean_first': False, 'cmake_force_configure': False, 'cmake_target': None, 'cmake_target_skip_unavailable': False, 'install_base': '/home/tanawatp/BaLEGce/balegce_test_ws/install/balegce_controller', 'merge_install': False, 'path': '/home/tanawatp/BaLEGce/balegce_test_ws/src/balegce_controller', 'symlink_install': False, 'test_result_base': None}
[2.054s] Level 5:colcon.colcon_core.verb:set package 'balegce_gazebo' build argument 'cmake_args' from command line to 'None'
[2.054s] Level 5:colcon.colcon_core.verb:set package 'balegce_gazebo' build argument 'cmake_target' from command line to 'None'
[2.054s] Level 5:colcon.colcon_core.verb:set package 'balegce_gazebo' build argument 'cmake_target_skip_unavailable' from command line to 'False'
[2.054s] Level 5:colcon.colcon_core.verb:set package 'balegce_gazebo' build argument 'cmake_clean_cache' from command line to 'False'
[2.054s] Level 5:colcon.colcon_core.verb:set package 'balegce_gazebo' build argument 'cmake_clean_first' from command line to 'False'
[2.054s] Level 5:colcon.colcon_core.verb:set package 'balegce_gazebo' build argument 'cmake_force_configure' from command line to 'False'
[2.054s] Level 5:colcon.colcon_core.verb:set package 'balegce_gazebo' build argument 'ament_cmake_args' from command line to 'None'
[2.054s] Level 5:colcon.colcon_core.verb:set package 'balegce_gazebo' build argument 'catkin_cmake_args' from command line to 'None'
[2.054s] Level 5:colcon.colcon_core.verb:set package 'balegce_gazebo' build argument 'catkin_skip_building_tests' from command line to 'False'
[2.054s] DEBUG:colcon.colcon_core.verb:Building package 'balegce_gazebo' with the following arguments: {'ament_cmake_args': None, 'build_base': '/home/tanawatp/BaLEGce/balegce_test_ws/build/balegce_gazebo', 'catkin_cmake_args': None, 'catkin_skip_building_tests': False, 'cmake_args': None, 'cmake_clean_cache': False, 'cmake_clean_first': False, 'cmake_force_configure': False, 'cmake_target': None, 'cmake_target_skip_unavailable': False, 'install_base': '/home/tanawatp/BaLEGce/balegce_test_ws/install/balegce_gazebo', 'merge_install': False, 'path': '/home/tanawatp/BaLEGce/balegce_test_ws/src/balegce_gazebo', 'symlink_install': False, 'test_result_base': None}
[2.073s] Level 5:colcon.colcon_core.verb:set package 'motor_control' build argument 'cmake_args' from command line to 'None'
[2.073s] Level 5:colcon.colcon_core.verb:set package 'motor_control' build argument 'cmake_target' from command line to 'None'
[2.073s] Level 5:colcon.colcon_core.verb:set package 'motor_control' build argument 'cmake_target_skip_unavailable' from command line to 'False'
[2.073s] Level 5:colcon.colcon_core.verb:set package 'motor_control' build argument 'cmake_clean_cache' from command line to 'False'
[2.073s] Level 5:colcon.colcon_core.verb:set package 'motor_control' build argument 'cmake_clean_first' from command line to 'False'
[2.073s] Level 5:colcon.colcon_core.verb:set package 'motor_control' build argument 'cmake_force_configure' from command line to 'False'
[2.073s] Level 5:colcon.colcon_core.verb:set package 'motor_control' build argument 'ament_cmake_args' from command line to 'None'
[2.073s] Level 5:colcon.colcon_core.verb:set package 'motor_control' build argument 'catkin_cmake_args' from command line to 'None'
[2.073s] Level 5:colcon.colcon_core.verb:set package 'motor_control' build argument 'catkin_skip_building_tests' from command line to 'False'
[2.073s] DEBUG:colcon.colcon_core.verb:Building package 'motor_control' with the following arguments: {'ament_cmake_args': None, 'build_base': '/home/tanawatp/BaLEGce/balegce_test_ws/build/motor_control', 'catkin_cmake_args': None, 'catkin_skip_building_tests': False, 'cmake_args': None, 'cmake_clean_cache': False, 'cmake_clean_first': False, 'cmake_force_configure': False, 'cmake_target': None, 'cmake_target_skip_unavailable': False, 'install_base': '/home/tanawatp/BaLEGce/balegce_test_ws/install/motor_control', 'merge_install': False, 'path': '/home/tanawatp/BaLEGce/balegce_test_ws/src/motor_control', 'symlink_install': False, 'test_result_base': None}
[2.093s] Level 5:colcon.colcon_core.verb:set package 'read_sensor' build argument 'cmake_args' from command line to 'None'
[2.093s] Level 5:colcon.colcon_core.verb:set package 'read_sensor' build argument 'cmake_target' from command line to 'None'
[2.093s] Level 5:colcon.colcon_core.verb:set package 'read_sensor' build argument 'cmake_target_skip_unavailable' from command line to 'False'
[2.093s] Level 5:colcon.colcon_core.verb:set package 'read_sensor' build argument 'cmake_clean_cache' from command line to 'False'
[2.093s] Level 5:colcon.colcon_core.verb:set package 'read_sensor' build argument 'cmake_clean_first' from command line to 'False'
[2.093s] Level 5:colcon.colcon_core.verb:set package 'read_sensor' build argument 'cmake_force_configure' from command line to 'False'
[2.093s] Level 5:colcon.colcon_core.verb:set package 'read_sensor' build argument 'ament_cmake_args' from command line to 'None'
[2.093s] Level 5:colcon.colcon_core.verb:set package 'read_sensor' build argument 'catkin_cmake_args' from command line to 'None'
[2.093s] Level 5:colcon.colcon_core.verb:set package 'read_sensor' build argument 'catkin_skip_building_tests' from command line to 'False'
[2.093s] DEBUG:colcon.colcon_core.verb:Building package 'read_sensor' with the following arguments: {'ament_cmake_args': None, 'build_base': '/home/tanawatp/BaLEGce/balegce_test_ws/build/read_sensor', 'catkin_cmake_args': None, 'catkin_skip_building_tests': False, 'cmake_args': None, 'cmake_clean_cache': False, 'cmake_clean_first': False, 'cmake_force_configure': False, 'cmake_target': None, 'cmake_target_skip_unavailable': False, 'install_base': '/home/tanawatp/BaLEGce/balegce_test_ws/install/read_sensor', 'merge_install': False, 'path': '/home/tanawatp/BaLEGce/balegce_test_ws/src/read_sensor', 'symlink_install': False, 'test_result_base': None}
[2.113s] INFO:colcon.colcon_core.executor:Executing jobs using 'parallel' executor
[2.133s] DEBUG:colcon.colcon_parallel_executor.executor.parallel:run_until_complete
[2.133s] INFO:colcon.colcon_ros.task.ament_cmake.build:Building ROS package in '/home/tanawatp/BaLEGce/balegce_test_ws/src/balegce' with build type 'ament_cmake'
[2.133s] INFO:colcon.colcon_cmake.task.cmake.build:Building CMake package in '/home/tanawatp/BaLEGce/balegce_test_ws/src/balegce'
[2.160s] INFO:colcon.colcon_core.plugin_system:Skipping extension 'colcon_core.shell.bat': Not used on non-Windows systems
[2.161s] INFO:colcon.colcon_core.shell:Skip shell extension 'powershell' for command environment: Not usable outside of PowerShell
[2.161s] DEBUG:colcon.colcon_core.shell:Skip shell extension 'dsv' for command environment
[2.306s] INFO:colcon.colcon_ros.task.ament_cmake.build:Building ROS package in '/home/tanawatp/BaLEGce/balegce_test_ws/src/balegce_controller' with build type 'ament_cmake'
[2.306s] INFO:colcon.colcon_cmake.task.cmake.build:Building CMake package in '/home/tanawatp/BaLEGce/balegce_test_ws/src/balegce_controller'
[2.329s] INFO:colcon.colcon_core.shell:Skip shell extension 'powershell' for command environment: Not usable outside of PowerShell
[2.329s] DEBUG:colcon.colcon_core.shell:Skip shell extension 'dsv' for command environment
[2.455s] INFO:colcon.colcon_ros.task.ament_cmake.build:Building ROS package in '/home/tanawatp/BaLEGce/balegce_test_ws/src/balegce_gazebo' with build type 'ament_cmake'
[2.455s] INFO:colcon.colcon_cmake.task.cmake.build:Building CMake package in '/home/tanawatp/BaLEGce/balegce_test_ws/src/balegce_gazebo'
[2.477s] INFO:colcon.colcon_core.shell:Skip shell extension 'powershell' for command environment: Not usable outside of PowerShell
[2.477s] DEBUG:colcon.colcon_core.shell:Skip shell extension 'dsv' for command environment
[2.612s] INFO:colcon.colcon_ros.task.ament_cmake.build:Building ROS package in '/home/tanawatp/BaLEGce/balegce_test_ws/src/motor_control' with build type 'ament_cmake'
[2.612s] INFO:colcon.colcon_cmake.task.cmake.build:Building CMake package in '/home/tanawatp/BaLEGce/balegce_test_ws/src/motor_control'
[2.632s] INFO:colcon.colcon_core.shell:Skip shell extension 'powershell' for command environment: Not usable outside of PowerShell
[2.632s] DEBUG:colcon.colcon_core.shell:Skip shell extension 'dsv' for command environment
[2.760s] INFO:colcon.colcon_ros.task.ament_cmake.build:Building ROS package in '/home/tanawatp/BaLEGce/balegce_test_ws/src/read_sensor' with build type 'ament_cmake'
[2.760s] INFO:colcon.colcon_cmake.task.cmake.build:Building CMake package in '/home/tanawatp/BaLEGce/balegce_test_ws/src/read_sensor'
[2.783s] INFO:colcon.colcon_core.shell:Skip shell extension 'powershell' for command environment: Not usable outside of PowerShell
[2.783s] DEBUG:colcon.colcon_core.shell:Skip shell extension 'dsv' for command environment
[2.916s] DEBUG:colcon.colcon_core.event_handler.log_command:Invoking command in '/home/tanawatp/BaLEGce/balegce_test_ws/build/balegce': CMAKE_PREFIX_PATH=${CMAKE_PREFIX_PATH}:/home/tanawatp/ros2_workspaceTutorial/install/robot_controller:/opt/ros/humble /usr/bin/cmake /home/tanawatp/BaLEGce/balegce_test_ws/src/balegce -DCMAKE_INSTALL_PREFIX=/home/tanawatp/BaLEGce/balegce_test_ws/install/balegce
[2.929s] DEBUG:colcon.colcon_core.event_handler.log_command:Invoking command in '/home/tanawatp/BaLEGce/balegce_test_ws/build/balegce_controller': CMAKE_PREFIX_PATH=${CMAKE_PREFIX_PATH}:/home/tanawatp/ros2_workspaceTutorial/install/robot_controller:/opt/ros/humble /usr/bin/cmake /home/tanawatp/BaLEGce/balegce_test_ws/src/balegce_controller -DCMAKE_INSTALL_PREFIX=/home/tanawatp/BaLEGce/balegce_test_ws/install/balegce_controller
[2.931s] DEBUG:colcon.colcon_core.event_handler.log_command:Invoking command in '/home/tanawatp/BaLEGce/balegce_test_ws/build/balegce_gazebo': CMAKE_PREFIX_PATH=${CMAKE_PREFIX_PATH}:/home/tanawatp/ros2_workspaceTutorial/install/robot_controller:/opt/ros/humble /usr/bin/cmake /home/tanawatp/BaLEGce/balegce_test_ws/src/balegce_gazebo -DCMAKE_INSTALL_PREFIX=/home/tanawatp/BaLEGce/balegce_test_ws/install/balegce_gazebo
[2.935s] DEBUG:colcon.colcon_core.event_handler.log_command:Invoking command in '/home/tanawatp/BaLEGce/balegce_test_ws/build/motor_control': CMAKE_PREFIX_PATH=${CMAKE_PREFIX_PATH}:/home/tanawatp/ros2_workspaceTutorial/install/robot_controller:/opt/ros/humble /usr/bin/cmake /home/tanawatp/BaLEGce/balegce_test_ws/src/motor_control -DCMAKE_INSTALL_PREFIX=/home/tanawatp/BaLEGce/balegce_test_ws/install/motor_control
[2.942s] DEBUG:colcon.colcon_core.event_handler.log_command:Invoking command in '/home/tanawatp/BaLEGce/balegce_test_ws/build/read_sensor': CMAKE_PREFIX_PATH=${CMAKE_PREFIX_PATH}:/home/tanawatp/ros2_workspaceTutorial/install/robot_controller:/opt/ros/humble /usr/bin/cmake /home/tanawatp/BaLEGce/balegce_test_ws/src/read_sensor -DCMAKE_INSTALL_PREFIX=/home/tanawatp/BaLEGce/balegce_test_ws/install/read_sensor
[5.653s] DEBUG:colcon.colcon_core.event_handler.log_command:Invoked command in '/home/tanawatp/BaLEGce/balegce_test_ws/build/balegce_controller' returned '0': CMAKE_PREFIX_PATH=${CMAKE_PREFIX_PATH}:/home/tanawatp/ros2_workspaceTutorial/install/robot_controller:/opt/ros/humble /usr/bin/cmake /home/tanawatp/BaLEGce/balegce_test_ws/src/balegce_controller -DCMAKE_INSTALL_PREFIX=/home/tanawatp/BaLEGce/balegce_test_ws/install/balegce_controller
[5.657s] DEBUG:colcon.colcon_core.event_handler.log_command:Invoking command in '/home/tanawatp/BaLEGce/balegce_test_ws/build/balegce_controller': CMAKE_PREFIX_PATH=${CMAKE_PREFIX_PATH}:/home/tanawatp/ros2_workspaceTutorial/install/robot_controller:/opt/ros/humble /usr/bin/cmake --build /home/tanawatp/BaLEGce/balegce_test_ws/build/balegce_controller -- -j8 -l8
[5.680s] DEBUG:colcon.colcon_core.event_handler.log_command:Invoked command in '/home/tanawatp/BaLEGce/balegce_test_ws/build/balegce' returned '0': CMAKE_PREFIX_PATH=${CMAKE_PREFIX_PATH}:/home/tanawatp/ros2_workspaceTutorial/install/robot_controller:/opt/ros/humble /usr/bin/cmake /home/tanawatp/BaLEGce/balegce_test_ws/src/balegce -DCMAKE_INSTALL_PREFIX=/home/tanawatp/BaLEGce/balegce_test_ws/install/balegce
[5.683s] DEBUG:colcon.colcon_core.event_handler.log_command:Invoking command in '/home/tanawatp/BaLEGce/balegce_test_ws/build/balegce': CMAKE_PREFIX_PATH=${CMAKE_PREFIX_PATH}:/home/tanawatp/ros2_workspaceTutorial/install/robot_controller:/opt/ros/humble /usr/bin/cmake --build /home/tanawatp/BaLEGce/balegce_test_ws/build/balegce -- -j8 -l8
[5.690s] DEBUG:colcon.colcon_core.event_handler.log_command:Invoked command in '/home/tanawatp/BaLEGce/balegce_test_ws/build/read_sensor' returned '0': CMAKE_PREFIX_PATH=${CMAKE_PREFIX_PATH}:/home/tanawatp/ros2_workspaceTutorial/install/robot_controller:/opt/ros/humble /usr/bin/cmake /home/tanawatp/BaLEGce/balegce_test_ws/src/read_sensor -DCMAKE_INSTALL_PREFIX=/home/tanawatp/BaLEGce/balegce_test_ws/install/read_sensor
[5.693s] DEBUG:colcon.colcon_core.event_handler.log_command:Invoking command in '/home/tanawatp/BaLEGce/balegce_test_ws/build/read_sensor': CMAKE_PREFIX_PATH=${CMAKE_PREFIX_PATH}:/home/tanawatp/ros2_workspaceTutorial/install/robot_controller:/opt/ros/humble /usr/bin/cmake --build /home/tanawatp/BaLEGce/balegce_test_ws/build/read_sensor -- -j8 -l8
[5.756s] DEBUG:colcon.colcon_core.event_handler.log_command:Invoked command in '/home/tanawatp/BaLEGce/balegce_test_ws/build/motor_control' returned '0': CMAKE_PREFIX_PATH=${CMAKE_PREFIX_PATH}:/home/tanawatp/ros2_workspaceTutorial/install/robot_controller:/opt/ros/humble /usr/bin/cmake /home/tanawatp/BaLEGce/balegce_test_ws/src/motor_control -DCMAKE_INSTALL_PREFIX=/home/tanawatp/BaLEGce/balegce_test_ws/install/motor_control
[5.757s] DEBUG:colcon.colcon_core.event_handler.log_command:Invoking command in '/home/tanawatp/BaLEGce/balegce_test_ws/build/motor_control': CMAKE_PREFIX_PATH=${CMAKE_PREFIX_PATH}:/home/tanawatp/ros2_workspaceTutorial/install/robot_controller:/opt/ros/humble /usr/bin/cmake --build /home/tanawatp/BaLEGce/balegce_test_ws/build/motor_control -- -j8 -l8
[5.766s] DEBUG:colcon.colcon_core.event_handler.log_command:Invoked command in '/home/tanawatp/BaLEGce/balegce_test_ws/build/balegce_gazebo' returned '0': CMAKE_PREFIX_PATH=${CMAKE_PREFIX_PATH}:/home/tanawatp/ros2_workspaceTutorial/install/robot_controller:/opt/ros/humble /usr/bin/cmake /home/tanawatp/BaLEGce/balegce_test_ws/src/balegce_gazebo -DCMAKE_INSTALL_PREFIX=/home/tanawatp/BaLEGce/balegce_test_ws/install/balegce_gazebo
[5.767s] DEBUG:colcon.colcon_core.event_handler.log_command:Invoking command in '/home/tanawatp/BaLEGce/balegce_test_ws/build/balegce_gazebo': CMAKE_PREFIX_PATH=${CMAKE_PREFIX_PATH}:/home/tanawatp/ros2_workspaceTutorial/install/robot_controller:/opt/ros/humble /usr/bin/cmake --build /home/tanawatp/BaLEGce/balegce_test_ws/build/balegce_gazebo -- -j8 -l8
[6.509s] DEBUG:colcon.colcon_core.event_handler.log_command:Invoked command in '/home/tanawatp/BaLEGce/balegce_test_ws/build/balegce' returned '0': CMAKE_PREFIX_PATH=${CMAKE_PREFIX_PATH}:/home/tanawatp/ros2_workspaceTutorial/install/robot_controller:/opt/ros/humble /usr/bin/cmake --build /home/tanawatp/BaLEGce/balegce_test_ws/build/balegce -- -j8 -l8
[6.590s] DEBUG:colcon.colcon_core.event_handler.log_command:Invoking command in '/home/tanawatp/BaLEGce/balegce_test_ws/build/balegce': CMAKE_PREFIX_PATH=${CMAKE_PREFIX_PATH}:/home/tanawatp/ros2_workspaceTutorial/install/robot_controller:/opt/ros/humble /usr/bin/cmake --install /home/tanawatp/BaLEGce/balegce_test_ws/build/balegce
[6.713s] Level 1:colcon.colcon_core.environment:create_environment_scripts_only(balegce)
[6.714s] DEBUG:colcon.colcon_core.event_handler.log_command:Invoked command in '/home/tanawatp/BaLEGce/balegce_test_ws/build/balegce' returned '0': CMAKE_PREFIX_PATH=${CMAKE_PREFIX_PATH}:/home/tanawatp/ros2_workspaceTutorial/install/robot_controller:/opt/ros/humble /usr/bin/cmake --install /home/tanawatp/BaLEGce/balegce_test_ws/build/balegce
[6.748s] Level 1:colcon.colcon_core.environment:checking '/home/tanawatp/BaLEGce/balegce_test_ws/install/balegce' for CMake module files
[6.749s] Level 1:colcon.colcon_core.environment:checking '/home/tanawatp/BaLEGce/balegce_test_ws/install/balegce' for CMake config files
[6.749s] Level 1:colcon.colcon_core.shell:create_environment_hook('balegce', 'cmake_prefix_path')
[6.771s] INFO:colcon.colcon_core.shell:Creating environment hook '/home/tanawatp/BaLEGce/balegce_test_ws/install/balegce/share/balegce/hook/cmake_prefix_path.ps1'
[6.772s] INFO:colcon.colcon_core.shell:Creating environment descriptor '/home/tanawatp/BaLEGce/balegce_test_ws/install/balegce/share/balegce/hook/cmake_prefix_path.dsv'
[6.772s] INFO:colcon.colcon_core.shell:Creating environment hook '/home/tanawatp/BaLEGce/balegce_test_ws/install/balegce/share/balegce/hook/cmake_prefix_path.sh'
[6.774s] Level 1:colcon.colcon_core.environment:checking '/home/tanawatp/BaLEGce/balegce_test_ws/install/balegce/bin'
[6.774s] Level 1:colcon.colcon_core.environment:checking '/home/tanawatp/BaLEGce/balegce_test_ws/install/balegce/lib/pkgconfig/balegce.pc'
[6.774s] Level 1:colcon.colcon_core.environment:checking '/home/tanawatp/BaLEGce/balegce_test_ws/install/balegce/lib/python3.10/site-packages'
[6.774s] Level 1:colcon.colcon_core.environment:checking '/home/tanawatp/BaLEGce/balegce_test_ws/install/balegce/bin'
[6.795s] INFO:colcon.colcon_core.shell:Creating package script '/home/tanawatp/BaLEGce/balegce_test_ws/install/balegce/share/balegce/package.ps1'
[6.797s] INFO:colcon.colcon_core.shell:Creating package descriptor '/home/tanawatp/BaLEGce/balegce_test_ws/install/balegce/share/balegce/package.dsv'
[6.797s] INFO:colcon.colcon_core.shell:Creating package script '/home/tanawatp/BaLEGce/balegce_test_ws/install/balegce/share/balegce/package.sh'
[6.798s] INFO:colcon.colcon_core.shell:Creating package script '/home/tanawatp/BaLEGce/balegce_test_ws/install/balegce/share/balegce/package.bash'
[6.799s] INFO:colcon.colcon_core.shell:Creating package script '/home/tanawatp/BaLEGce/balegce_test_ws/install/balegce/share/balegce/package.zsh'
[6.800s] Level 1:colcon.colcon_core.environment:create_file_with_runtime_dependencies(/home/tanawatp/BaLEGce/balegce_test_ws/install/balegce/share/colcon-core/packages/balegce)
[6.803s] DEBUG:colcon.colcon_core.event_handler.log_command:Invoked command in '/home/tanawatp/BaLEGce/balegce_test_ws/build/balegce_controller' returned '0': CMAKE_PREFIX_PATH=${CMAKE_PREFIX_PATH}:/home/tanawatp/ros2_workspaceTutorial/install/robot_controller:/opt/ros/humble /usr/bin/cmake --build /home/tanawatp/BaLEGce/balegce_test_ws/build/balegce_controller -- -j8 -l8
[6.804s] DEBUG:colcon.colcon_core.event_handler.log_command:Invoked command in '/home/tanawatp/BaLEGce/balegce_test_ws/build/balegce_gazebo' returned '0': CMAKE_PREFIX_PATH=${CMAKE_PREFIX_PATH}:/home/tanawatp/ros2_workspaceTutorial/install/robot_controller:/opt/ros/humble /usr/bin/cmake --build /home/tanawatp/BaLEGce/balegce_test_ws/build/balegce_gazebo -- -j8 -l8
[6.805s] DEBUG:colcon.colcon_core.event_handler.log_command:Invoked command in '/home/tanawatp/BaLEGce/balegce_test_ws/build/read_sensor' returned '0': CMAKE_PREFIX_PATH=${CMAKE_PREFIX_PATH}:/home/tanawatp/ros2_workspaceTutorial/install/robot_controller:/opt/ros/humble /usr/bin/cmake --build /home/tanawatp/BaLEGce/balegce_test_ws/build/read_sensor -- -j8 -l8
[6.808s] DEBUG:colcon.colcon_core.event_handler.log_command:Invoked command in '/home/tanawatp/BaLEGce/balegce_test_ws/build/motor_control' returned '0': CMAKE_PREFIX_PATH=${CMAKE_PREFIX_PATH}:/home/tanawatp/ros2_workspaceTutorial/install/robot_controller:/opt/ros/humble /usr/bin/cmake --build /home/tanawatp/BaLEGce/balegce_test_ws/build/motor_control -- -j8 -l8
[6.881s] Level 1:colcon.colcon_core.environment:create_environment_scripts_only(balegce)
[6.902s] Level 1:colcon.colcon_core.environment:checking '/home/tanawatp/BaLEGce/balegce_test_ws/install/balegce' for CMake module files
[6.902s] Level 1:colcon.colcon_core.environment:checking '/home/tanawatp/BaLEGce/balegce_test_ws/install/balegce' for CMake config files
[6.903s] Level 1:colcon.colcon_core.shell:create_environment_hook('balegce', 'cmake_prefix_path')
[6.923s] INFO:colcon.colcon_core.shell:Creating environment hook '/home/tanawatp/BaLEGce/balegce_test_ws/install/balegce/share/balegce/hook/cmake_prefix_path.ps1'
[6.924s] INFO:colcon.colcon_core.shell:Creating environment descriptor '/home/tanawatp/BaLEGce/balegce_test_ws/install/balegce/share/balegce/hook/cmake_prefix_path.dsv'
[6.924s] INFO:colcon.colcon_core.shell:Creating environment hook '/home/tanawatp/BaLEGce/balegce_test_ws/install/balegce/share/balegce/hook/cmake_prefix_path.sh'
[6.925s] Level 1:colcon.colcon_core.environment:checking '/home/tanawatp/BaLEGce/balegce_test_ws/install/balegce/bin'
[6.925s] Level 1:colcon.colcon_core.environment:checking '/home/tanawatp/BaLEGce/balegce_test_ws/install/balegce/lib/pkgconfig/balegce.pc'
[6.925s] Level 1:colcon.colcon_core.environment:checking '/home/tanawatp/BaLEGce/balegce_test_ws/install/balegce/lib/python3.10/site-packages'
[6.925s] Level 1:colcon.colcon_core.environment:checking '/home/tanawatp/BaLEGce/balegce_test_ws/install/balegce/bin'
[6.945s] INFO:colcon.colcon_core.shell:Creating package script '/home/tanawatp/BaLEGce/balegce_test_ws/install/balegce/share/balegce/package.ps1'
[6.947s] INFO:colcon.colcon_core.shell:Creating package descriptor '/home/tanawatp/BaLEGce/balegce_test_ws/install/balegce/share/balegce/package.dsv'
[6.947s] INFO:colcon.colcon_core.shell:Creating package script '/home/tanawatp/BaLEGce/balegce_test_ws/install/balegce/share/balegce/package.sh'
[6.947s] INFO:colcon.colcon_core.shell:Creating package script '/home/tanawatp/BaLEGce/balegce_test_ws/install/balegce/share/balegce/package.bash'
[6.948s] INFO:colcon.colcon_core.shell:Creating package script '/home/tanawatp/BaLEGce/balegce_test_ws/install/balegce/share/balegce/package.zsh'
[6.948s] Level 1:colcon.colcon_core.environment:create_file_with_runtime_dependencies(/home/tanawatp/BaLEGce/balegce_test_ws/install/balegce/share/colcon-core/packages/balegce)
[6.954s] DEBUG:colcon.colcon_core.event_handler.log_command:Invoking command in '/home/tanawatp/BaLEGce/balegce_test_ws/build/balegce_gazebo': CMAKE_PREFIX_PATH=${CMAKE_PREFIX_PATH}:/home/tanawatp/ros2_workspaceTutorial/install/robot_controller:/opt/ros/humble /usr/bin/cmake --install /home/tanawatp/BaLEGce/balegce_test_ws/build/balegce_gazebo
[6.955s] DEBUG:colcon.colcon_core.event_handler.log_command:Invoking command in '/home/tanawatp/BaLEGce/balegce_test_ws/build/read_sensor': CMAKE_PREFIX_PATH=${CMAKE_PREFIX_PATH}:/home/tanawatp/ros2_workspaceTutorial/install/robot_controller:/opt/ros/humble /usr/bin/cmake --install /home/tanawatp/BaLEGce/balegce_test_ws/build/read_sensor
[6.957s] DEBUG:colcon.colcon_core.event_handler.log_command:Invoking command in '/home/tanawatp/BaLEGce/balegce_test_ws/build/motor_control': CMAKE_PREFIX_PATH=${CMAKE_PREFIX_PATH}:/home/tanawatp/ros2_workspaceTutorial/install/robot_controller:/opt/ros/humble /usr/bin/cmake --install /home/tanawatp/BaLEGce/balegce_test_ws/build/motor_control
[6.960s] DEBUG:colcon.colcon_core.event_handler.log_command:Invoking command in '/home/tanawatp/BaLEGce/balegce_test_ws/build/balegce_controller': CMAKE_PREFIX_PATH=${CMAKE_PREFIX_PATH}:/home/tanawatp/ros2_workspaceTutorial/install/robot_controller:/opt/ros/humble /usr/bin/cmake --install /home/tanawatp/BaLEGce/balegce_test_ws/build/balegce_controller
[7.040s] Level 1:colcon.colcon_core.environment:create_environment_scripts_only(balegce_controller)
[7.041s] DEBUG:colcon.colcon_core.event_handler.log_command:Invoked command in '/home/tanawatp/BaLEGce/balegce_test_ws/build/balegce_controller' returned '0': CMAKE_PREFIX_PATH=${CMAKE_PREFIX_PATH}:/home/tanawatp/ros2_workspaceTutorial/install/robot_controller:/opt/ros/humble /usr/bin/cmake --install /home/tanawatp/BaLEGce/balegce_test_ws/build/balegce_controller
[7.071s] Level 1:colcon.colcon_core.environment:checking '/home/tanawatp/BaLEGce/balegce_test_ws/install/balegce_controller' for CMake module files
[7.072s] Level 1:colcon.colcon_core.environment:checking '/home/tanawatp/BaLEGce/balegce_test_ws/install/balegce_controller' for CMake config files
[7.072s] Level 1:colcon.colcon_core.shell:create_environment_hook('balegce_controller', 'cmake_prefix_path')
[7.093s] INFO:colcon.colcon_core.shell:Creating environment hook '/home/tanawatp/BaLEGce/balegce_test_ws/install/balegce_controller/share/balegce_controller/hook/cmake_prefix_path.ps1'
[7.093s] INFO:colcon.colcon_core.shell:Creating environment descriptor '/home/tanawatp/BaLEGce/balegce_test_ws/install/balegce_controller/share/balegce_controller/hook/cmake_prefix_path.dsv'
[7.094s] INFO:colcon.colcon_core.shell:Creating environment hook '/home/tanawatp/BaLEGce/balegce_test_ws/install/balegce_controller/share/balegce_controller/hook/cmake_prefix_path.sh'
[7.094s] Level 1:colcon.colcon_core.environment:checking '/home/tanawatp/BaLEGce/balegce_test_ws/install/balegce_controller/lib'
[7.095s] Level 1:colcon.colcon_core.environment:checking '/home/tanawatp/BaLEGce/balegce_test_ws/install/balegce_controller/bin'
[7.095s] Level 1:colcon.colcon_core.environment:checking '/home/tanawatp/BaLEGce/balegce_test_ws/install/balegce_controller/lib/pkgconfig/balegce_controller.pc'
[7.095s] Level 1:colcon.colcon_core.environment:checking '/home/tanawatp/BaLEGce/balegce_test_ws/install/balegce_controller/lib/python3.10/site-packages'
[7.095s] Level 1:colcon.colcon_core.environment:checking '/home/tanawatp/BaLEGce/balegce_test_ws/install/balegce_controller/bin'
[7.125s] INFO:colcon.colcon_core.shell:Creating package script '/home/tanawatp/BaLEGce/balegce_test_ws/install/balegce_controller/share/balegce_controller/package.ps1'
[7.126s] INFO:colcon.colcon_core.shell:Creating package descriptor '/home/tanawatp/BaLEGce/balegce_test_ws/install/balegce_controller/share/balegce_controller/package.dsv'
[7.126s] INFO:colcon.colcon_core.shell:Creating package script '/home/tanawatp/BaLEGce/balegce_test_ws/install/balegce_controller/share/balegce_controller/package.sh'
[7.127s] INFO:colcon.colcon_core.shell:Creating package script '/home/tanawatp/BaLEGce/balegce_test_ws/install/balegce_controller/share/balegce_controller/package.bash'
[7.127s] INFO:colcon.colcon_core.shell:Creating package script '/home/tanawatp/BaLEGce/balegce_test_ws/install/balegce_controller/share/balegce_controller/package.zsh'
[7.127s] Level 1:colcon.colcon_core.environment:create_file_with_runtime_dependencies(/home/tanawatp/BaLEGce/balegce_test_ws/install/balegce_controller/share/colcon-core/packages/balegce_controller)
[7.129s] Level 1:colcon.colcon_core.environment:create_environment_scripts_only(read_sensor)
[7.130s] DEBUG:colcon.colcon_core.event_handler.log_command:Invoked command in '/home/tanawatp/BaLEGce/balegce_test_ws/build/read_sensor' returned '0': CMAKE_PREFIX_PATH=${CMAKE_PREFIX_PATH}:/home/tanawatp/ros2_workspaceTutorial/install/robot_controller:/opt/ros/humble /usr/bin/cmake --install /home/tanawatp/BaLEGce/balegce_test_ws/build/read_sensor
[7.154s] Level 1:colcon.colcon_core.environment:checking '/home/tanawatp/BaLEGce/balegce_test_ws/install/read_sensor' for CMake module files
[7.154s] Level 1:colcon.colcon_core.environment:checking '/home/tanawatp/BaLEGce/balegce_test_ws/install/read_sensor' for CMake config files
[7.155s] Level 1:colcon.colcon_core.shell:create_environment_hook('read_sensor', 'cmake_prefix_path')
[7.176s] INFO:colcon.colcon_core.shell:Creating environment hook '/home/tanawatp/BaLEGce/balegce_test_ws/install/read_sensor/share/read_sensor/hook/cmake_prefix_path.ps1'
[7.176s] INFO:colcon.colcon_core.shell:Creating environment descriptor '/home/tanawatp/BaLEGce/balegce_test_ws/install/read_sensor/share/read_sensor/hook/cmake_prefix_path.dsv'
[7.176s] INFO:colcon.colcon_core.shell:Creating environment hook '/home/tanawatp/BaLEGce/balegce_test_ws/install/read_sensor/share/read_sensor/hook/cmake_prefix_path.sh'
[7.177s] Level 1:colcon.colcon_core.environment:checking '/home/tanawatp/BaLEGce/balegce_test_ws/install/read_sensor/lib'
[7.177s] Level 1:colcon.colcon_core.environment:checking '/home/tanawatp/BaLEGce/balegce_test_ws/install/read_sensor/bin'
[7.177s] Level 1:colcon.colcon_core.environment:checking '/home/tanawatp/BaLEGce/balegce_test_ws/install/read_sensor/lib/pkgconfig/read_sensor.pc'
[7.177s] Level 1:colcon.colcon_core.environment:checking '/home/tanawatp/BaLEGce/balegce_test_ws/install/read_sensor/lib/python3.10/site-packages'
[7.178s] Level 1:colcon.colcon_core.environment:checking '/home/tanawatp/BaLEGce/balegce_test_ws/install/read_sensor/bin'
[7.198s] INFO:colcon.colcon_core.shell:Creating package script '/home/tanawatp/BaLEGce/balegce_test_ws/install/read_sensor/share/read_sensor/package.ps1'
[7.199s] INFO:colcon.colcon_core.shell:Creating package descriptor '/home/tanawatp/BaLEGce/balegce_test_ws/install/read_sensor/share/read_sensor/package.dsv'
[7.199s] INFO:colcon.colcon_core.shell:Creating package script '/home/tanawatp/BaLEGce/balegce_test_ws/install/read_sensor/share/read_sensor/package.sh'
[7.199s] INFO:colcon.colcon_core.shell:Creating package script '/home/tanawatp/BaLEGce/balegce_test_ws/install/read_sensor/share/read_sensor/package.bash'
[7.200s] INFO:colcon.colcon_core.shell:Creating package script '/home/tanawatp/BaLEGce/balegce_test_ws/install/read_sensor/share/read_sensor/package.zsh'
[7.200s] Level 1:colcon.colcon_core.environment:create_file_with_runtime_dependencies(/home/tanawatp/BaLEGce/balegce_test_ws/install/read_sensor/share/colcon-core/packages/read_sensor)
[7.201s] Level 1:colcon.colcon_core.environment:create_environment_scripts_only(motor_control)
[7.202s] DEBUG:colcon.colcon_core.event_handler.log_command:Invoked command in '/home/tanawatp/BaLEGce/balegce_test_ws/build/motor_control' returned '0': CMAKE_PREFIX_PATH=${CMAKE_PREFIX_PATH}:/home/tanawatp/ros2_workspaceTutorial/install/robot_controller:/opt/ros/humble /usr/bin/cmake --install /home/tanawatp/BaLEGce/balegce_test_ws/build/motor_control
[7.225s] Level 1:colcon.colcon_core.environment:checking '/home/tanawatp/BaLEGce/balegce_test_ws/install/motor_control' for CMake module files
[7.226s] Level 1:colcon.colcon_core.environment:checking '/home/tanawatp/BaLEGce/balegce_test_ws/install/motor_control' for CMake config files
[7.226s] Level 1:colcon.colcon_core.shell:create_environment_hook('motor_control', 'cmake_prefix_path')
[7.248s] INFO:colcon.colcon_core.shell:Creating environment hook '/home/tanawatp/BaLEGce/balegce_test_ws/install/motor_control/share/motor_control/hook/cmake_prefix_path.ps1'
[7.249s] INFO:colcon.colcon_core.shell:Creating environment descriptor '/home/tanawatp/BaLEGce/balegce_test_ws/install/motor_control/share/motor_control/hook/cmake_prefix_path.dsv'
[7.249s] INFO:colcon.colcon_core.shell:Creating environment hook '/home/tanawatp/BaLEGce/balegce_test_ws/install/motor_control/share/motor_control/hook/cmake_prefix_path.sh'
[7.250s] Level 1:colcon.colcon_core.environment:checking '/home/tanawatp/BaLEGce/balegce_test_ws/install/motor_control/lib'
[7.250s] Level 1:colcon.colcon_core.environment:checking '/home/tanawatp/BaLEGce/balegce_test_ws/install/motor_control/bin'
[7.250s] Level 1:colcon.colcon_core.environment:checking '/home/tanawatp/BaLEGce/balegce_test_ws/install/motor_control/lib/pkgconfig/motor_control.pc'
[7.250s] Level 1:colcon.colcon_core.environment:checking '/home/tanawatp/BaLEGce/balegce_test_ws/install/motor_control/lib/python3.10/site-packages'
[7.250s] Level 1:colcon.colcon_core.environment:checking '/home/tanawatp/BaLEGce/balegce_test_ws/install/motor_control/bin'
[7.270s] INFO:colcon.colcon_core.shell:Creating package script '/home/tanawatp/BaLEGce/balegce_test_ws/install/motor_control/share/motor_control/package.ps1'
[7.271s] INFO:colcon.colcon_core.shell:Creating package descriptor '/home/tanawatp/BaLEGce/balegce_test_ws/install/motor_control/share/motor_control/package.dsv'
[7.271s] INFO:colcon.colcon_core.shell:Creating package script '/home/tanawatp/BaLEGce/balegce_test_ws/install/motor_control/share/motor_control/package.sh'
[7.271s] INFO:colcon.colcon_core.shell:Creating package script '/home/tanawatp/BaLEGce/balegce_test_ws/install/motor_control/share/motor_control/package.bash'
[7.272s] INFO:colcon.colcon_core.shell:Creating package script '/home/tanawatp/BaLEGce/balegce_test_ws/install/motor_control/share/motor_control/package.zsh'
[7.272s] Level 1:colcon.colcon_core.environment:create_file_with_runtime_dependencies(/home/tanawatp/BaLEGce/balegce_test_ws/install/motor_control/share/colcon-core/packages/motor_control)
[7.273s] Level 1:colcon.colcon_core.environment:create_environment_scripts_only(balegce_gazebo)
[7.274s] DEBUG:colcon.colcon_core.event_handler.log_command:Invoked command in '/home/tanawatp/BaLEGce/balegce_test_ws/build/balegce_gazebo' returned '0': CMAKE_PREFIX_PATH=${CMAKE_PREFIX_PATH}:/home/tanawatp/ros2_workspaceTutorial/install/robot_controller:/opt/ros/humble /usr/bin/cmake --install /home/tanawatp/BaLEGce/balegce_test_ws/build/balegce_gazebo
[7.293s] Level 1:colcon.colcon_core.environment:checking '/home/tanawatp/BaLEGce/balegce_test_ws/install/balegce_gazebo' for CMake module files
[7.294s] Level 1:colcon.colcon_core.environment:checking '/home/tanawatp/BaLEGce/balegce_test_ws/install/balegce_gazebo' for CMake config files
[7.294s] Level 1:colcon.colcon_core.shell:create_environment_hook('balegce_gazebo', 'cmake_prefix_path')
[7.314s] INFO:colcon.colcon_core.shell:Creating environment hook '/home/tanawatp/BaLEGce/balegce_test_ws/install/balegce_gazebo/share/balegce_gazebo/hook/cmake_prefix_path.ps1'
[7.315s] INFO:colcon.colcon_core.shell:Creating environment descriptor '/home/tanawatp/BaLEGce/balegce_test_ws/install/balegce_gazebo/share/balegce_gazebo/hook/cmake_prefix_path.dsv'
[7.315s] INFO:colcon.colcon_core.shell:Creating environment hook '/home/tanawatp/BaLEGce/balegce_test_ws/install/balegce_gazebo/share/balegce_gazebo/hook/cmake_prefix_path.sh'
[7.315s] Level 1:colcon.colcon_core.environment:checking '/home/tanawatp/BaLEGce/balegce_test_ws/install/balegce_gazebo/lib'
[7.315s] Level 1:colcon.colcon_core.environment:checking '/home/tanawatp/BaLEGce/balegce_test_ws/install/balegce_gazebo/bin'
[7.316s] Level 1:colcon.colcon_core.environment:checking '/home/tanawatp/BaLEGce/balegce_test_ws/install/balegce_gazebo/lib/pkgconfig/balegce_gazebo.pc'
[7.316s] Level 1:colcon.colcon_core.environment:checking '/home/tanawatp/BaLEGce/balegce_test_ws/install/balegce_gazebo/lib/python3.10/site-packages'
[7.316s] Level 1:colcon.colcon_core.environment:checking '/home/tanawatp/BaLEGce/balegce_test_ws/install/balegce_gazebo/bin'
[7.336s] INFO:colcon.colcon_core.shell:Creating package script '/home/tanawatp/BaLEGce/balegce_test_ws/install/balegce_gazebo/share/balegce_gazebo/package.ps1'
[7.336s] INFO:colcon.colcon_core.shell:Creating package descriptor '/home/tanawatp/BaLEGce/balegce_test_ws/install/balegce_gazebo/share/balegce_gazebo/package.dsv'
[7.337s] INFO:colcon.colcon_core.shell:Creating package script '/home/tanawatp/BaLEGce/balegce_test_ws/install/balegce_gazebo/share/balegce_gazebo/package.sh'
[7.337s] INFO:colcon.colcon_core.shell:Creating package script '/home/tanawatp/BaLEGce/balegce_test_ws/install/balegce_gazebo/share/balegce_gazebo/package.bash'
[7.337s] INFO:colcon.colcon_core.shell:Creating package script '/home/tanawatp/BaLEGce/balegce_test_ws/install/balegce_gazebo/share/balegce_gazebo/package.zsh'
[7.338s] Level 1:colcon.colcon_core.environment:create_file_with_runtime_dependencies(/home/tanawatp/BaLEGce/balegce_test_ws/install/balegce_gazebo/share/colcon-core/packages/balegce_gazebo)
[7.365s] Level 1:colcon.colcon_core.environment:create_environment_scripts_only(balegce_controller)
[7.389s] Level 1:colcon.colcon_core.environment:checking '/home/tanawatp/BaLEGce/balegce_test_ws/install/balegce_controller' for CMake module files
[7.390s] Level 1:colcon.colcon_core.environment:checking '/home/tanawatp/BaLEGce/balegce_test_ws/install/balegce_controller' for CMake config files
[7.390s] Level 1:colcon.colcon_core.shell:create_environment_hook('balegce_controller', 'cmake_prefix_path')
[7.410s] INFO:colcon.colcon_core.shell:Creating environment hook '/home/tanawatp/BaLEGce/balegce_test_ws/install/balegce_controller/share/balegce_controller/hook/cmake_prefix_path.ps1'
[7.410s] INFO:colcon.colcon_core.shell:Creating environment descriptor '/home/tanawatp/BaLEGce/balegce_test_ws/install/balegce_controller/share/balegce_controller/hook/cmake_prefix_path.dsv'
[7.411s] INFO:colcon.colcon_core.shell:Creating environment hook '/home/tanawatp/BaLEGce/balegce_test_ws/install/balegce_controller/share/balegce_controller/hook/cmake_prefix_path.sh'
[7.411s] Level 1:colcon.colcon_core.environment:checking '/home/tanawatp/BaLEGce/balegce_test_ws/install/balegce_controller/lib'
[7.411s] Level 1:colcon.colcon_core.environment:checking '/home/tanawatp/BaLEGce/balegce_test_ws/install/balegce_controller/bin'
[7.411s] Level 1:colcon.colcon_core.environment:checking '/home/tanawatp/BaLEGce/balegce_test_ws/install/balegce_controller/lib/pkgconfig/balegce_controller.pc'
[7.412s] Level 1:colcon.colcon_core.environment:checking '/home/tanawatp/BaLEGce/balegce_test_ws/install/balegce_controller/lib/python3.10/site-packages'
[7.412s] Level 1:colcon.colcon_core.environment:checking '/home/tanawatp/BaLEGce/balegce_test_ws/install/balegce_controller/bin'
[7.432s] INFO:colcon.colcon_core.shell:Creating package script '/home/tanawatp/BaLEGce/balegce_test_ws/install/balegce_controller/share/balegce_controller/package.ps1'
[7.432s] INFO:colcon.colcon_core.shell:Creating package descriptor '/home/tanawatp/BaLEGce/balegce_test_ws/install/balegce_controller/share/balegce_controller/package.dsv'
[7.433s] INFO:colcon.colcon_core.shell:Creating package script '/home/tanawatp/BaLEGce/balegce_test_ws/install/balegce_controller/share/balegce_controller/package.sh'
[7.433s] INFO:colcon.colcon_core.shell:Creating package script '/home/tanawatp/BaLEGce/balegce_test_ws/install/balegce_controller/share/balegce_controller/package.bash'
[7.434s] INFO:colcon.colcon_core.shell:Creating package script '/home/tanawatp/BaLEGce/balegce_test_ws/install/balegce_controller/share/balegce_controller/package.zsh'
[7.434s] Level 1:colcon.colcon_core.environment:create_file_with_runtime_dependencies(/home/tanawatp/BaLEGce/balegce_test_ws/install/balegce_controller/share/colcon-core/packages/balegce_controller)
[7.456s] Level 1:colcon.colcon_core.environment:create_environment_scripts_only(read_sensor)
[7.478s] Level 1:colcon.colcon_core.environment:checking '/home/tanawatp/BaLEGce/balegce_test_ws/install/read_sensor' for CMake module files
[7.479s] Level 1:colcon.colcon_core.environment:checking '/home/tanawatp/BaLEGce/balegce_test_ws/install/read_sensor' for CMake config files
[7.480s] Level 1:colcon.colcon_core.shell:create_environment_hook('read_sensor', 'cmake_prefix_path')
[7.501s] INFO:colcon.colcon_core.shell:Creating environment hook '/home/tanawatp/BaLEGce/balegce_test_ws/install/read_sensor/share/read_sensor/hook/cmake_prefix_path.ps1'
[7.501s] INFO:colcon.colcon_core.shell:Creating environment descriptor '/home/tanawatp/BaLEGce/balegce_test_ws/install/read_sensor/share/read_sensor/hook/cmake_prefix_path.dsv'
[7.501s] INFO:colcon.colcon_core.shell:Creating environment hook '/home/tanawatp/BaLEGce/balegce_test_ws/install/read_sensor/share/read_sensor/hook/cmake_prefix_path.sh'
[7.502s] Level 1:colcon.colcon_core.environment:checking '/home/tanawatp/BaLEGce/balegce_test_ws/install/read_sensor/lib'
[7.502s] Level 1:colcon.colcon_core.environment:checking '/home/tanawatp/BaLEGce/balegce_test_ws/install/read_sensor/bin'
[7.502s] Level 1:colcon.colcon_core.environment:checking '/home/tanawatp/BaLEGce/balegce_test_ws/install/read_sensor/lib/pkgconfig/read_sensor.pc'
[7.502s] Level 1:colcon.colcon_core.environment:checking '/home/tanawatp/BaLEGce/balegce_test_ws/install/read_sensor/lib/python3.10/site-packages'
[7.503s] Level 1:colcon.colcon_core.environment:checking '/home/tanawatp/BaLEGce/balegce_test_ws/install/read_sensor/bin'
[7.521s] INFO:colcon.colcon_core.shell:Creating package script '/home/tanawatp/BaLEGce/balegce_test_ws/install/read_sensor/share/read_sensor/package.ps1'
[7.522s] INFO:colcon.colcon_core.shell:Creating package descriptor '/home/tanawatp/BaLEGce/balegce_test_ws/install/read_sensor/share/read_sensor/package.dsv'
[7.523s] INFO:colcon.colcon_core.shell:Creating package script '/home/tanawatp/BaLEGce/balegce_test_ws/install/read_sensor/share/read_sensor/package.sh'
[7.523s] INFO:colcon.colcon_core.shell:Creating package script '/home/tanawatp/BaLEGce/balegce_test_ws/install/read_sensor/share/read_sensor/package.bash'
[7.523s] INFO:colcon.colcon_core.shell:Creating package script '/home/tanawatp/BaLEGce/balegce_test_ws/install/read_sensor/share/read_sensor/package.zsh'
[7.524s] Level 1:colcon.colcon_core.environment:create_file_with_runtime_dependencies(/home/tanawatp/BaLEGce/balegce_test_ws/install/read_sensor/share/colcon-core/packages/read_sensor)
[7.544s] Level 1:colcon.colcon_core.environment:create_environment_scripts_only(motor_control)
[7.566s] Level 1:colcon.colcon_core.environment:checking '/home/tanawatp/BaLEGce/balegce_test_ws/install/motor_control' for CMake module files
[7.566s] Level 1:colcon.colcon_core.environment:checking '/home/tanawatp/BaLEGce/balegce_test_ws/install/motor_control' for CMake config files
[7.567s] Level 1:colcon.colcon_core.shell:create_environment_hook('motor_control', 'cmake_prefix_path')
[7.588s] INFO:colcon.colcon_core.shell:Creating environment hook '/home/tanawatp/BaLEGce/balegce_test_ws/install/motor_control/share/motor_control/hook/cmake_prefix_path.ps1'
[7.588s] INFO:colcon.colcon_core.shell:Creating environment descriptor '/home/tanawatp/BaLEGce/balegce_test_ws/install/motor_control/share/motor_control/hook/cmake_prefix_path.dsv'
[7.589s] INFO:colcon.colcon_core.shell:Creating environment hook '/home/tanawatp/BaLEGce/balegce_test_ws/install/motor_control/share/motor_control/hook/cmake_prefix_path.sh'
[7.589s] Level 1:colcon.colcon_core.environment:checking '/home/tanawatp/BaLEGce/balegce_test_ws/install/motor_control/lib'
[7.589s] Level 1:colcon.colcon_core.environment:checking '/home/tanawatp/BaLEGce/balegce_test_ws/install/motor_control/bin'
[7.589s] Level 1:colcon.colcon_core.environment:checking '/home/tanawatp/BaLEGce/balegce_test_ws/install/motor_control/lib/pkgconfig/motor_control.pc'
[7.590s] Level 1:colcon.colcon_core.environment:checking '/home/tanawatp/BaLEGce/balegce_test_ws/install/motor_control/lib/python3.10/site-packages'
[7.590s] Level 1:colcon.colcon_core.environment:checking '/home/tanawatp/BaLEGce/balegce_test_ws/install/motor_control/bin'
[7.610s] INFO:colcon.colcon_core.shell:Creating package script '/home/tanawatp/BaLEGce/balegce_test_ws/install/motor_control/share/motor_control/package.ps1'
[7.610s] INFO:colcon.colcon_core.shell:Creating package descriptor '/home/tanawatp/BaLEGce/balegce_test_ws/install/motor_control/share/motor_control/package.dsv'
[7.611s] INFO:colcon.colcon_core.shell:Creating package script '/home/tanawatp/BaLEGce/balegce_test_ws/install/motor_control/share/motor_control/package.sh'
[7.611s] INFO:colcon.colcon_core.shell:Creating package script '/home/tanawatp/BaLEGce/balegce_test_ws/install/motor_control/share/motor_control/package.bash'
[7.611s] INFO:colcon.colcon_core.shell:Creating package script '/home/tanawatp/BaLEGce/balegce_test_ws/install/motor_control/share/motor_control/package.zsh'
[7.612s] Level 1:colcon.colcon_core.environment:create_file_with_runtime_dependencies(/home/tanawatp/BaLEGce/balegce_test_ws/install/motor_control/share/colcon-core/packages/motor_control)
[7.634s] Level 1:colcon.colcon_core.environment:create_environment_scripts_only(balegce_gazebo)
[7.656s] Level 1:colcon.colcon_core.environment:checking '/home/tanawatp/BaLEGce/balegce_test_ws/install/balegce_gazebo' for CMake module files
[7.656s] Level 1:colcon.colcon_core.environment:checking '/home/tanawatp/BaLEGce/balegce_test_ws/install/balegce_gazebo' for CMake config files
[7.657s] Level 1:colcon.colcon_core.shell:create_environment_hook('balegce_gazebo', 'cmake_prefix_path')
[7.679s] INFO:colcon.colcon_core.shell:Creating environment hook '/home/tanawatp/BaLEGce/balegce_test_ws/install/balegce_gazebo/share/balegce_gazebo/hook/cmake_prefix_path.ps1'
[7.679s] INFO:colcon.colcon_core.shell:Creating environment descriptor '/home/tanawatp/BaLEGce/balegce_test_ws/install/balegce_gazebo/share/balegce_gazebo/hook/cmake_prefix_path.dsv'
[7.680s] INFO:colcon.colcon_core.shell:Creating environment hook '/home/tanawatp/BaLEGce/balegce_test_ws/install/balegce_gazebo/share/balegce_gazebo/hook/cmake_prefix_path.sh'
[7.680s] Level 1:colcon.colcon_core.environment:checking '/home/tanawatp/BaLEGce/balegce_test_ws/install/balegce_gazebo/lib'
[7.680s] Level 1:colcon.colcon_core.environment:checking '/home/tanawatp/BaLEGce/balegce_test_ws/install/balegce_gazebo/bin'
[7.680s] Level 1:colcon.colcon_core.environment:checking '/home/tanawatp/BaLEGce/balegce_test_ws/install/balegce_gazebo/lib/pkgconfig/balegce_gazebo.pc'
[7.681s] Level 1:colcon.colcon_core.environment:checking '/home/tanawatp/BaLEGce/balegce_test_ws/install/balegce_gazebo/lib/python3.10/site-packages'
[7.681s] Level 1:colcon.colcon_core.environment:checking '/home/tanawatp/BaLEGce/balegce_test_ws/install/balegce_gazebo/bin'
[7.703s] INFO:colcon.colcon_core.shell:Creating package script '/home/tanawatp/BaLEGce/balegce_test_ws/install/balegce_gazebo/share/balegce_gazebo/package.ps1'
[7.703s] INFO:colcon.colcon_core.shell:Creating package descriptor '/home/tanawatp/BaLEGce/balegce_test_ws/install/balegce_gazebo/share/balegce_gazebo/package.dsv'
[7.704s] INFO:colcon.colcon_core.shell:Creating package script '/home/tanawatp/BaLEGce/balegce_test_ws/install/balegce_gazebo/share/balegce_gazebo/package.sh'
[7.704s] INFO:colcon.colcon_core.shell:Creating package script '/home/tanawatp/BaLEGce/balegce_test_ws/install/balegce_gazebo/share/balegce_gazebo/package.bash'
[7.705s] INFO:colcon.colcon_core.shell:Creating package script '/home/tanawatp/BaLEGce/balegce_test_ws/install/balegce_gazebo/share/balegce_gazebo/package.zsh'
[7.705s] Level 1:colcon.colcon_core.environment:create_file_with_runtime_dependencies(/home/tanawatp/BaLEGce/balegce_test_ws/install/balegce_gazebo/share/colcon-core/packages/balegce_gazebo)
[7.706s] DEBUG:colcon.colcon_parallel_executor.executor.parallel:closing loop
[7.706s] DEBUG:colcon.colcon_parallel_executor.executor.parallel:loop closed
[7.706s] DEBUG:colcon.colcon_parallel_executor.executor.parallel:run_until_complete finished with '0'
[7.706s] DEBUG:colcon.colcon_core.event_reactor:joining thread
[7.752s] INFO:colcon.colcon_core.plugin_system:Skipping extension 'colcon_notification.desktop_notification.terminal_notifier': Not used on non-Darwin systems
[7.752s] INFO:colcon.colcon_core.plugin_system:Skipping extension 'colcon_notification.desktop_notification.win32': Not used on non-Windows systems
[7.752s] INFO:colcon.colcon_notification.desktop_notification:Sending desktop notification using 'notify2'
[7.790s] DEBUG:colcon.colcon_core.event_reactor:joined thread
[7.816s] INFO:colcon.colcon_core.shell:Creating prefix script '/home/tanawatp/BaLEGce/balegce_test_ws/install/local_setup.ps1'
[7.817s] INFO:colcon.colcon_core.shell:Creating prefix util module '/home/tanawatp/BaLEGce/balegce_test_ws/install/_local_setup_util_ps1.py'
[7.819s] INFO:colcon.colcon_core.shell:Creating prefix chain script '/home/tanawatp/BaLEGce/balegce_test_ws/install/setup.ps1'
[7.839s] INFO:colcon.colcon_core.shell:Creating prefix script '/home/tanawatp/BaLEGce/balegce_test_ws/install/local_setup.sh'
[7.840s] INFO:colcon.colcon_core.shell:Creating prefix util module '/home/tanawatp/BaLEGce/balegce_test_ws/install/_local_setup_util_sh.py'
[7.841s] INFO:colcon.colcon_core.shell:Creating prefix chain script '/home/tanawatp/BaLEGce/balegce_test_ws/install/setup.sh'
[7.861s] INFO:colcon.colcon_core.shell:Creating prefix script '/home/tanawatp/BaLEGce/balegce_test_ws/install/local_setup.bash'
[7.861s] INFO:colcon.colcon_core.shell:Creating prefix chain script '/home/tanawatp/BaLEGce/balegce_test_ws/install/setup.bash'
[7.882s] INFO:colcon.colcon_core.shell:Creating prefix script '/home/tanawatp/BaLEGce/balegce_test_ws/install/local_setup.zsh'
[7.882s] INFO:colcon.colcon_core.shell:Creating prefix chain script '/home/tanawatp/BaLEGce/balegce_test_ws/install/setup.zsh'
