[0.190s] Invoking command in '/home/tanawatp/BaLEGce/balegce_test_ws/build/read_sensor': CMAKE_PREFIX_PATH=${CMAKE_PREFIX_PATH}:/home/tanawatp/ros2_workspaceTutorial/install/robot_controller:/opt/ros/humble /usr/bin/cmake --build /home/tanawatp/BaLEGce/balegce_test_ws/build/read_sensor -- -j8 -l8
[0.261s] [35m[1mConsolidate compiler generated dependencies of target cpp_node_test[0m
[0.288s] [100%] Built target cpp_node_test
[0.297s] [100%] Built target ament_cmake_python_copy_read_sensor
[0.790s] running egg_info
[0.792s] writing read_sensor.egg-info/PKG-INFO
[0.793s] writing dependency_links to read_sensor.egg-info/dependency_links.txt
[0.793s] writing top-level names to read_sensor.egg-info/top_level.txt
[0.798s] reading manifest file 'read_sensor.egg-info/SOURCES.txt'
[0.798s] writing manifest file 'read_sensor.egg-info/SOURCES.txt'
[0.851s] [100%] Built target ament_cmake_python_build_read_sensor_egg
[0.938s] Invoked command in '/home/tanawatp/BaLEGce/balegce_test_ws/build/read_sensor' returned '0': CMAKE_PREFIX_PATH=${CMAKE_PREFIX_PATH}:/home/tanawatp/ros2_workspaceTutorial/install/robot_controller:/opt/ros/humble /usr/bin/cmake --build /home/tanawatp/BaLEGce/balegce_test_ws/build/read_sensor -- -j8 -l8
[1.218s] Invoking command in '/home/tanawatp/BaLEGce/balegce_test_ws/build/read_sensor': CMAKE_PREFIX_PATH=${CMAKE_PREFIX_PATH}:/home/tanawatp/ros2_workspaceTutorial/install/robot_controller:/opt/ros/humble /usr/bin/cmake --install /home/tanawatp/BaLEGce/balegce_test_ws/build/read_sensor
[1.327s] -- Install configuration: ""
[1.328s] -- Up-to-date: /home/tanawatp/BaLEGce/balegce_test_ws/install/read_sensor/share/read_sensor/environment/pythonpath.sh
[1.328s] -- Up-to-date: /home/tanawatp/BaLEGce/balegce_test_ws/install/read_sensor/share/read_sensor/environment/pythonpath.dsv
[1.328s] -- Up-to-date: /home/tanawatp/BaLEGce/balegce_test_ws/install/read_sensor/local/lib/python3.10/dist-packages/read_sensor-0.0.0-py3.10.egg-info
[1.328s] -- Installing: /home/tanawatp/BaLEGce/balegce_test_ws/install/read_sensor/local/lib/python3.10/dist-packages/read_sensor-0.0.0-py3.10.egg-info/dependency_links.txt
[1.328s] -- Installing: /home/tanawatp/BaLEGce/balegce_test_ws/install/read_sensor/local/lib/python3.10/dist-packages/read_sensor-0.0.0-py3.10.egg-info/top_level.txt
[1.328s] -- Installing: /home/tanawatp/BaLEGce/balegce_test_ws/install/read_sensor/local/lib/python3.10/dist-packages/read_sensor-0.0.0-py3.10.egg-info/PKG-INFO
[1.328s] -- Installing: /home/tanawatp/BaLEGce/balegce_test_ws/install/read_sensor/local/lib/python3.10/dist-packages/read_sensor-0.0.0-py3.10.egg-info/SOURCES.txt
[1.328s] -- Up-to-date: /home/tanawatp/BaLEGce/balegce_test_ws/install/read_sensor/local/lib/python3.10/dist-packages/read_sensor
[1.328s] -- Up-to-date: /home/tanawatp/BaLEGce/balegce_test_ws/install/read_sensor/local/lib/python3.10/dist-packages/read_sensor/dummy_module.py
[1.328s] -- Up-to-date: /home/tanawatp/BaLEGce/balegce_test_ws/install/read_sensor/local/lib/python3.10/dist-packages/read_sensor/__init__.py
[1.328s] Listing '/home/tanawatp/BaLEGce/balegce_test_ws/install/read_sensor/local/lib/python3.10/dist-packages/read_sensor'...
[1.328s] -- Up-to-date: /home/tanawatp/BaLEGce/balegce_test_ws/install/read_sensor/lib/read_sensor/dummy_script.py
[1.328s] -- Up-to-date: /home/tanawatp/BaLEGce/balegce_test_ws/install/read_sensor/lib/read_sensor/read_imu.py
[1.328s] -- Up-to-date: /home/tanawatp/BaLEGce/balegce_test_ws/install/read_sensor/lib/read_sensor/cpp_node_test
[1.329s] -- Up-to-date: /home/tanawatp/BaLEGce/balegce_test_ws/install/read_sensor/share/read_sensor
[1.329s] -- Up-to-date: /home/tanawatp/BaLEGce/balegce_test_ws/install/read_sensor/share/ament_index/resource_index/package_run_dependencies/read_sensor
[1.329s] -- Up-to-date: /home/tanawatp/BaLEGce/balegce_test_ws/install/read_sensor/share/ament_index/resource_index/parent_prefix_path/read_sensor
[1.329s] -- Up-to-date: /home/tanawatp/BaLEGce/balegce_test_ws/install/read_sensor/share/read_sensor/environment/ament_prefix_path.sh
[1.329s] -- Up-to-date: /home/tanawatp/BaLEGce/balegce_test_ws/install/read_sensor/share/read_sensor/environment/ament_prefix_path.dsv
[1.329s] -- Up-to-date: /home/tanawatp/BaLEGce/balegce_test_ws/install/read_sensor/share/read_sensor/environment/path.sh
[1.329s] -- Up-to-date: /home/tanawatp/BaLEGce/balegce_test_ws/install/read_sensor/share/read_sensor/environment/path.dsv
[1.329s] -- Up-to-date: /home/tanawatp/BaLEGce/balegce_test_ws/install/read_sensor/share/read_sensor/local_setup.bash
[1.329s] -- Up-to-date: /home/tanawatp/BaLEGce/balegce_test_ws/install/read_sensor/share/read_sensor/local_setup.sh
[1.329s] -- Up-to-date: /home/tanawatp/BaLEGce/balegce_test_ws/install/read_sensor/share/read_sensor/local_setup.zsh
[1.329s] -- Up-to-date: /home/tanawatp/BaLEGce/balegce_test_ws/install/read_sensor/share/read_sensor/local_setup.dsv
[1.329s] -- Installing: /home/tanawatp/BaLEGce/balegce_test_ws/install/read_sensor/share/read_sensor/package.dsv
[1.329s] -- Up-to-date: /home/tanawatp/BaLEGce/balegce_test_ws/install/read_sensor/share/ament_index/resource_index/packages/read_sensor
[1.329s] -- Up-to-date: /home/tanawatp/BaLEGce/balegce_test_ws/install/read_sensor/share/read_sensor/cmake/read_sensorConfig.cmake
[1.330s] -- Up-to-date: /home/tanawatp/BaLEGce/balegce_test_ws/install/read_sensor/share/read_sensor/cmake/read_sensorConfig-version.cmake
[1.330s] -- Up-to-date: /home/tanawatp/BaLEGce/balegce_test_ws/install/read_sensor/share/read_sensor/package.xml
[1.424s] Invoked command in '/home/tanawatp/BaLEGce/balegce_test_ws/build/read_sensor' returned '0': CMAKE_PREFIX_PATH=${CMAKE_PREFIX_PATH}:/home/tanawatp/ros2_workspaceTutorial/install/robot_controller:/opt/ros/humble /usr/bin/cmake --install /home/tanawatp/BaLEGce/balegce_test_ws/build/read_sensor
