[0.180s] Invoking command in '/home/tanawatp/BaLEGce/balegce_test_ws/build/read_sensor': CMAKE_PREFIX_PATH=${CMAKE_PREFIX_PATH}:/home/tanawatp/ros2_workspaceTutorial/install/robot_controller:/opt/ros/humble /usr/bin/cmake /home/tanawatp/BaLEGce/balegce_test_ws/src/read_sensor -DCMAKE_INSTALL_PREFIX=/home/tanawatp/BaLEGce/balegce_test_ws/install/read_sensor
[0.360s] -- The C compiler identification is GNU 11.4.0
[0.504s] -- The CXX compiler identification is GNU 11.4.0
[0.516s] -- Detecting C compiler ABI info
[0.639s] -- Detecting C compiler ABI info - done
[0.652s] -- Check for working C compiler: /usr/bin/cc - skipped
[0.652s] -- Detecting C compile features
[0.653s] -- Detecting C compile features - done
[0.657s] -- Detecting CXX compiler ABI info
[0.792s] -- Detecting CXX compiler ABI info - done
[0.805s] -- Check for working CXX compiler: /usr/bin/c++ - skipped
[0.805s] -- Detecting CXX compile features
[0.805s] -- Detecting CXX compile features - done
[0.814s] -- Found ament_cmake: 1.3.5 (/opt/ros/humble/share/ament_cmake/cmake)
[1.148s] -- Found Python3: /usr/bin/python3.10 (found version "3.10.12") found components: Interpreter 
[1.350s] -- Found rclcpp: 16.0.6 (/opt/ros/humble/share/rclcpp/cmake)
[1.461s] -- Found rosidl_generator_c: 3.1.5 (/opt/ros/humble/share/rosidl_generator_c/cmake)
[1.479s] -- Found rosidl_adapter: 3.1.5 (/opt/ros/humble/share/rosidl_adapter/cmake)
[1.502s] -- Found rosidl_generator_cpp: 3.1.5 (/opt/ros/humble/share/rosidl_generator_cpp/cmake)
[1.539s] -- Using all available rosidl_typesupport_c: rosidl_typesupport_fastrtps_c;rosidl_typesupport_introspection_c
[1.584s] -- Using all available rosidl_typesupport_cpp: rosidl_typesupport_fastrtps_cpp;rosidl_typesupport_introspection_cpp
[1.743s] -- Found rmw_implementation_cmake: 6.1.1 (/opt/ros/humble/share/rmw_implementation_cmake/cmake)
[1.752s] -- Found rmw_fastrtps_cpp: 6.2.4 (/opt/ros/humble/share/rmw_fastrtps_cpp/cmake)
[1.955s] -- Found OpenSSL: /usr/lib/x86_64-linux-gnu/libcrypto.so (found version "3.0.2")  
[2.004s] -- Found FastRTPS: /opt/ros/humble/include  
[2.084s] -- Using RMW implementation 'rmw_fastrtps_cpp' as default
[2.106s] -- Looking for pthread.h
[2.240s] -- Looking for pthread.h - found
[2.241s] -- Performing Test CMAKE_HAVE_LIBC_PTHREAD
[2.363s] -- Performing Test CMAKE_HAVE_LIBC_PTHREAD - Success
[2.364s] -- Found Threads: TRUE  
[2.604s] -- Found rclpy: 3.3.10 (/opt/ros/humble/share/rclpy/cmake)
[2.895s] -- Configuring done
[2.907s] -- Generating done
[2.910s] -- Build files have been written to: /home/tanawatp/BaLEGce/balegce_test_ws/build/read_sensor
[2.929s] Invoked command in '/home/tanawatp/BaLEGce/balegce_test_ws/build/read_sensor' returned '0': CMAKE_PREFIX_PATH=${CMAKE_PREFIX_PATH}:/home/tanawatp/ros2_workspaceTutorial/install/robot_controller:/opt/ros/humble /usr/bin/cmake /home/tanawatp/BaLEGce/balegce_test_ws/src/read_sensor -DCMAKE_INSTALL_PREFIX=/home/tanawatp/BaLEGce/balegce_test_ws/install/read_sensor
[2.931s] Invoking command in '/home/tanawatp/BaLEGce/balegce_test_ws/build/read_sensor': CMAKE_PREFIX_PATH=${CMAKE_PREFIX_PATH}:/home/tanawatp/ros2_workspaceTutorial/install/robot_controller:/opt/ros/humble /usr/bin/cmake --build /home/tanawatp/BaLEGce/balegce_test_ws/build/read_sensor -- -j8 -l8
[3.022s] [ 50%] [32mBuilding CXX object CMakeFiles/cpp_node_test.dir/src/cpp_node.cpp.o[0m
[3.032s] [ 50%] Built target ament_cmake_python_copy_read_sensor
[3.619s] running egg_info
[3.620s] creating read_sensor.egg-info
[3.621s] writing read_sensor.egg-info/PKG-INFO
[3.621s] writing dependency_links to read_sensor.egg-info/dependency_links.txt
[3.622s] writing top-level names to read_sensor.egg-info/top_level.txt
[3.622s] writing manifest file 'read_sensor.egg-info/SOURCES.txt'
[3.627s] reading manifest file 'read_sensor.egg-info/SOURCES.txt'
[3.628s] writing manifest file 'read_sensor.egg-info/SOURCES.txt'
[3.703s] [ 50%] Built target ament_cmake_python_build_read_sensor_egg
[3.718s] [100%] [32m[1mLinking CXX executable cpp_node_test[0m
[3.974s] [100%] Built target cpp_node_test
[4.044s] Invoked command in '/home/tanawatp/BaLEGce/balegce_test_ws/build/read_sensor' returned '0': CMAKE_PREFIX_PATH=${CMAKE_PREFIX_PATH}:/home/tanawatp/ros2_workspaceTutorial/install/robot_controller:/opt/ros/humble /usr/bin/cmake --build /home/tanawatp/BaLEGce/balegce_test_ws/build/read_sensor -- -j8 -l8
[4.194s] Invoking command in '/home/tanawatp/BaLEGce/balegce_test_ws/build/read_sensor': CMAKE_PREFIX_PATH=${CMAKE_PREFIX_PATH}:/home/tanawatp/ros2_workspaceTutorial/install/robot_controller:/opt/ros/humble /usr/bin/cmake --install /home/tanawatp/BaLEGce/balegce_test_ws/build/read_sensor
[4.209s] -- Install configuration: ""
[4.210s] -- Installing: /home/tanawatp/BaLEGce/balegce_test_ws/install/read_sensor/share/read_sensor/environment/pythonpath.sh
[4.210s] -- Installing: /home/tanawatp/BaLEGce/balegce_test_ws/install/read_sensor/share/read_sensor/environment/pythonpath.dsv
[4.210s] -- Installing: /home/tanawatp/BaLEGce/balegce_test_ws/install/read_sensor/local/lib/python3.10/dist-packages/read_sensor-0.0.0-py3.10.egg-info
[4.210s] -- Installing: /home/tanawatp/BaLEGce/balegce_test_ws/install/read_sensor/local/lib/python3.10/dist-packages/read_sensor-0.0.0-py3.10.egg-info/dependency_links.txt
[4.211s] -- Installing: /home/tanawatp/BaLEGce/balegce_test_ws/install/read_sensor/local/lib/python3.10/dist-packages/read_sensor-0.0.0-py3.10.egg-info/top_level.txt
[4.211s] -- Installing: /home/tanawatp/BaLEGce/balegce_test_ws/install/read_sensor/local/lib/python3.10/dist-packages/read_sensor-0.0.0-py3.10.egg-info/PKG-INFO
[4.211s] -- Installing: /home/tanawatp/BaLEGce/balegce_test_ws/install/read_sensor/local/lib/python3.10/dist-packages/read_sensor-0.0.0-py3.10.egg-info/SOURCES.txt
[4.211s] -- Installing: /home/tanawatp/BaLEGce/balegce_test_ws/install/read_sensor/local/lib/python3.10/dist-packages/read_sensor
[4.211s] -- Installing: /home/tanawatp/BaLEGce/balegce_test_ws/install/read_sensor/local/lib/python3.10/dist-packages/read_sensor/dummy_module.py
[4.211s] -- Installing: /home/tanawatp/BaLEGce/balegce_test_ws/install/read_sensor/local/lib/python3.10/dist-packages/read_sensor/__init__.py
[4.282s] Listing '/home/tanawatp/BaLEGce/balegce_test_ws/install/read_sensor/local/lib/python3.10/dist-packages/read_sensor'...
[4.283s] Compiling '/home/tanawatp/BaLEGce/balegce_test_ws/install/read_sensor/local/lib/python3.10/dist-packages/read_sensor/__init__.py'...
[4.283s] Compiling '/home/tanawatp/BaLEGce/balegce_test_ws/install/read_sensor/local/lib/python3.10/dist-packages/read_sensor/dummy_module.py'...
[4.290s] -- Installing: /home/tanawatp/BaLEGce/balegce_test_ws/install/read_sensor/lib/read_sensor/dummy_script.py
[4.290s] -- Installing: /home/tanawatp/BaLEGce/balegce_test_ws/install/read_sensor/lib/read_sensor/read_imu.py
[4.291s] -- Installing: /home/tanawatp/BaLEGce/balegce_test_ws/install/read_sensor/lib/read_sensor/cpp_node_test
[4.291s] -- Set runtime path of "/home/tanawatp/BaLEGce/balegce_test_ws/install/read_sensor/lib/read_sensor/cpp_node_test" to ""
[4.291s] -- Up-to-date: /home/tanawatp/BaLEGce/balegce_test_ws/install/read_sensor/share/read_sensor
[4.291s] -- Installing: /home/tanawatp/BaLEGce/balegce_test_ws/install/read_sensor/share/ament_index/resource_index/package_run_dependencies/read_sensor
[4.291s] -- Installing: /home/tanawatp/BaLEGce/balegce_test_ws/install/read_sensor/share/ament_index/resource_index/parent_prefix_path/read_sensor
[4.291s] -- Installing: /home/tanawatp/BaLEGce/balegce_test_ws/install/read_sensor/share/read_sensor/environment/ament_prefix_path.sh
[4.292s] -- Installing: /home/tanawatp/BaLEGce/balegce_test_ws/install/read_sensor/share/read_sensor/environment/ament_prefix_path.dsv
[4.292s] -- Installing: /home/tanawatp/BaLEGce/balegce_test_ws/install/read_sensor/share/read_sensor/environment/path.sh
[4.292s] -- Installing: /home/tanawatp/BaLEGce/balegce_test_ws/install/read_sensor/share/read_sensor/environment/path.dsv
[4.292s] -- Installing: /home/tanawatp/BaLEGce/balegce_test_ws/install/read_sensor/share/read_sensor/local_setup.bash
[4.292s] -- Installing: /home/tanawatp/BaLEGce/balegce_test_ws/install/read_sensor/share/read_sensor/local_setup.sh
[4.293s] -- Installing: /home/tanawatp/BaLEGce/balegce_test_ws/install/read_sensor/share/read_sensor/local_setup.zsh
[4.293s] -- Installing: /home/tanawatp/BaLEGce/balegce_test_ws/install/read_sensor/share/read_sensor/local_setup.dsv
[4.293s] -- Installing: /home/tanawatp/BaLEGce/balegce_test_ws/install/read_sensor/share/read_sensor/package.dsv
[4.293s] -- Installing: /home/tanawatp/BaLEGce/balegce_test_ws/install/read_sensor/share/ament_index/resource_index/packages/read_sensor
[4.293s] -- Installing: /home/tanawatp/BaLEGce/balegce_test_ws/install/read_sensor/share/read_sensor/cmake/read_sensorConfig.cmake
[4.293s] -- Installing: /home/tanawatp/BaLEGce/balegce_test_ws/install/read_sensor/share/read_sensor/cmake/read_sensorConfig-version.cmake
[4.293s] -- Installing: /home/tanawatp/BaLEGce/balegce_test_ws/install/read_sensor/share/read_sensor/package.xml
[4.369s] Invoked command in '/home/tanawatp/BaLEGce/balegce_test_ws/build/read_sensor' returned '0': CMAKE_PREFIX_PATH=${CMAKE_PREFIX_PATH}:/home/tanawatp/ros2_workspaceTutorial/install/robot_controller:/opt/ros/humble /usr/bin/cmake --install /home/tanawatp/BaLEGce/balegce_test_ws/build/read_sensor
