[0.322s] Invoking command in '/home/tanawatp/BaLEGce/balegce_test_ws/build/motor_control': CMAKE_PREFIX_PATH=${CMAKE_PREFIX_PATH}:/home/tanawatp/ros2_workspaceTutorial/install/robot_controller:/opt/ros/humble /usr/bin/cmake /home/tanawatp/BaLEGce/balegce_test_ws/src/motor_control -DCMAKE_INSTALL_PREFIX=/home/tanawatp/BaLEGce/balegce_test_ws/install/motor_control
[0.508s] -- The C compiler identification is GNU 11.4.0
[0.649s] -- The CXX compiler identification is GNU 11.4.0
[0.664s] -- Detecting C compiler ABI info
[0.789s] -- Detecting C compiler ABI info - done
[0.798s] -- Check for working C compiler: /usr/bin/cc - skipped
[0.799s] -- Detecting C compile features
[0.799s] -- Detecting C compile features - done
[0.803s] -- Detecting CXX compiler ABI info
[0.933s] -- Detecting CXX compiler ABI info - done
[0.946s] -- Check for working CXX compiler: /usr/bin/c++ - skipped
[0.946s] -- Detecting CXX compile features
[0.947s] -- Detecting CXX compile features - done
[0.963s] -- Found ament_cmake: 1.3.5 (/opt/ros/humble/share/ament_cmake/cmake)
[1.283s] -- Found Python3: /usr/bin/python3.10 (found version "3.10.12") found components: Interpreter 
[1.493s] -- Found rclcpp: 16.0.6 (/opt/ros/humble/share/rclcpp/cmake)
[1.609s] -- Found rosidl_generator_c: 3.1.5 (/opt/ros/humble/share/rosidl_generator_c/cmake)
[1.627s] -- Found rosidl_adapter: 3.1.5 (/opt/ros/humble/share/rosidl_adapter/cmake)
[1.651s] -- Found rosidl_generator_cpp: 3.1.5 (/opt/ros/humble/share/rosidl_generator_cpp/cmake)
[1.687s] -- Using all available rosidl_typesupport_c: rosidl_typesupport_fastrtps_c;rosidl_typesupport_introspection_c
[1.733s] -- Using all available rosidl_typesupport_cpp: rosidl_typesupport_fastrtps_cpp;rosidl_typesupport_introspection_cpp
[1.892s] -- Found rmw_implementation_cmake: 6.1.1 (/opt/ros/humble/share/rmw_implementation_cmake/cmake)
[1.901s] -- Found rmw_fastrtps_cpp: 6.2.4 (/opt/ros/humble/share/rmw_fastrtps_cpp/cmake)
[2.103s] -- Found OpenSSL: /usr/lib/x86_64-linux-gnu/libcrypto.so (found version "3.0.2")  
[2.159s] -- Found FastRTPS: /opt/ros/humble/include  
[2.250s] -- Using RMW implementation 'rmw_fastrtps_cpp' as default
[2.276s] -- Looking for pthread.h
[2.391s] -- Looking for pthread.h - found
[2.392s] -- Performing Test CMAKE_HAVE_LIBC_PTHREAD
[2.509s] -- Performing Test CMAKE_HAVE_LIBC_PTHREAD - Success
[2.511s] -- Found Threads: TRUE  
[2.819s] -- Found rclpy: 3.3.10 (/opt/ros/humble/share/rclpy/cmake)
[3.106s] -- Configuring done
[3.120s] -- Generating done
[3.123s] -- Build files have been written to: /home/tanawatp/BaLEGce/balegce_test_ws/build/motor_control
[3.141s] Invoked command in '/home/tanawatp/BaLEGce/balegce_test_ws/build/motor_control' returned '0': CMAKE_PREFIX_PATH=${CMAKE_PREFIX_PATH}:/home/tanawatp/ros2_workspaceTutorial/install/robot_controller:/opt/ros/humble /usr/bin/cmake /home/tanawatp/BaLEGce/balegce_test_ws/src/motor_control -DCMAKE_INSTALL_PREFIX=/home/tanawatp/BaLEGce/balegce_test_ws/install/motor_control
[3.144s] Invoking command in '/home/tanawatp/BaLEGce/balegce_test_ws/build/motor_control': CMAKE_PREFIX_PATH=${CMAKE_PREFIX_PATH}:/home/tanawatp/ros2_workspaceTutorial/install/robot_controller:/opt/ros/humble /usr/bin/cmake --build /home/tanawatp/BaLEGce/balegce_test_ws/build/motor_control -- -j8 -l8
[3.246s] [ 50%] [32mBuilding CXX object CMakeFiles/cpp_node_test.dir/src/cpp_node.cpp.o[0m
[3.258s] [ 50%] Built target ament_cmake_python_copy_motor_control
[3.921s] running egg_info
[3.922s] creating motor_control.egg-info
[3.923s] writing motor_control.egg-info/PKG-INFO
[3.923s] writing dependency_links to motor_control.egg-info/dependency_links.txt
[3.923s] writing top-level names to motor_control.egg-info/top_level.txt
[3.923s] writing manifest file 'motor_control.egg-info/SOURCES.txt'
[3.924s] [100%] [32m[1mLinking CXX executable cpp_node_test[0m
[3.927s] reading manifest file 'motor_control.egg-info/SOURCES.txt'
[3.927s] writing manifest file 'motor_control.egg-info/SOURCES.txt'
[3.996s] [100%] Built target ament_cmake_python_build_motor_control_egg
[4.142s] [100%] Built target cpp_node_test
[4.195s] Invoked command in '/home/tanawatp/BaLEGce/balegce_test_ws/build/motor_control' returned '0': CMAKE_PREFIX_PATH=${CMAKE_PREFIX_PATH}:/home/tanawatp/ros2_workspaceTutorial/install/robot_controller:/opt/ros/humble /usr/bin/cmake --build /home/tanawatp/BaLEGce/balegce_test_ws/build/motor_control -- -j8 -l8
[4.344s] Invoking command in '/home/tanawatp/BaLEGce/balegce_test_ws/build/motor_control': CMAKE_PREFIX_PATH=${CMAKE_PREFIX_PATH}:/home/tanawatp/ros2_workspaceTutorial/install/robot_controller:/opt/ros/humble /usr/bin/cmake --install /home/tanawatp/BaLEGce/balegce_test_ws/build/motor_control
[4.355s] -- Install configuration: ""
[4.355s] -- Installing: /home/tanawatp/BaLEGce/balegce_test_ws/install/motor_control/share/motor_control/environment/pythonpath.sh
[4.355s] -- Installing: /home/tanawatp/BaLEGce/balegce_test_ws/install/motor_control/share/motor_control/environment/pythonpath.dsv
[4.356s] -- Installing: /home/tanawatp/BaLEGce/balegce_test_ws/install/motor_control/local/lib/python3.10/dist-packages/motor_control-0.0.0-py3.10.egg-info
[4.356s] -- Installing: /home/tanawatp/BaLEGce/balegce_test_ws/install/motor_control/local/lib/python3.10/dist-packages/motor_control-0.0.0-py3.10.egg-info/dependency_links.txt
[4.356s] -- Installing: /home/tanawatp/BaLEGce/balegce_test_ws/install/motor_control/local/lib/python3.10/dist-packages/motor_control-0.0.0-py3.10.egg-info/top_level.txt
[4.356s] -- Installing: /home/tanawatp/BaLEGce/balegce_test_ws/install/motor_control/local/lib/python3.10/dist-packages/motor_control-0.0.0-py3.10.egg-info/PKG-INFO
[4.357s] -- Installing: /home/tanawatp/BaLEGce/balegce_test_ws/install/motor_control/local/lib/python3.10/dist-packages/motor_control-0.0.0-py3.10.egg-info/SOURCES.txt
[4.357s] -- Installing: /home/tanawatp/BaLEGce/balegce_test_ws/install/motor_control/local/lib/python3.10/dist-packages/motor_control
[4.357s] -- Installing: /home/tanawatp/BaLEGce/balegce_test_ws/install/motor_control/local/lib/python3.10/dist-packages/motor_control/dummy_module.py
[4.357s] -- Installing: /home/tanawatp/BaLEGce/balegce_test_ws/install/motor_control/local/lib/python3.10/dist-packages/motor_control/__init__.py
[4.409s] Listing '/home/tanawatp/BaLEGce/balegce_test_ws/install/motor_control/local/lib/python3.10/dist-packages/motor_control'...
[4.409s] Compiling '/home/tanawatp/BaLEGce/balegce_test_ws/install/motor_control/local/lib/python3.10/dist-packages/motor_control/__init__.py'...
[4.409s] Compiling '/home/tanawatp/BaLEGce/balegce_test_ws/install/motor_control/local/lib/python3.10/dist-packages/motor_control/dummy_module.py'...
[4.417s] -- Installing: /home/tanawatp/BaLEGce/balegce_test_ws/install/motor_control/lib/motor_control/dummy_script.py
[4.418s] -- Installing: /home/tanawatp/BaLEGce/balegce_test_ws/install/motor_control/lib/motor_control/cpp_node_test
[4.418s] -- Set runtime path of "/home/tanawatp/BaLEGce/balegce_test_ws/install/motor_control/lib/motor_control/cpp_node_test" to ""
[4.418s] -- Installing: /home/tanawatp/BaLEGce/balegce_test_ws/install/motor_control/share/motor_control/launch
[4.418s] -- Installing: /home/tanawatp/BaLEGce/balegce_test_ws/install/motor_control/share/motor_control/launch/display.launch.py
[4.419s] -- Installing: /home/tanawatp/BaLEGce/balegce_test_ws/install/motor_control/share/motor_control/robot
[4.419s] -- Installing: /home/tanawatp/BaLEGce/balegce_test_ws/install/motor_control/share/motor_control/robot/dynamics
[4.419s] -- Installing: /home/tanawatp/BaLEGce/balegce_test_ws/install/motor_control/share/motor_control/robot/dynamics/manipulator.xacro
[4.419s] -- Installing: /home/tanawatp/BaLEGce/balegce_test_ws/install/motor_control/share/motor_control/robot/dynamics/robotDynamics.xacro
[4.419s] -- Installing: /home/tanawatp/BaLEGce/balegce_test_ws/install/motor_control/share/motor_control/robot/visual
[4.419s] -- Installing: /home/tanawatp/BaLEGce/balegce_test_ws/install/motor_control/share/motor_control/robot/visual/manipulator.xacro
[4.419s] -- Installing: /home/tanawatp/BaLEGce/balegce_test_ws/install/motor_control/share/motor_control/robot/visual/robot.xacro
[4.420s] -- Installing: /home/tanawatp/BaLEGce/balegce_test_ws/install/motor_control/share/motor_control/robot/visual/motor.xacro
[4.421s] -- Installing: /home/tanawatp/BaLEGce/balegce_test_ws/install/motor_control/share/motor_control/robot/visual/properties.xacro
[4.421s] -- Installing: /home/tanawatp/BaLEGce/balegce_test_ws/install/motor_control/share/motor_control/meshes
[4.421s] -- Installing: /home/tanawatp/BaLEGce/balegce_test_ws/install/motor_control/share/motor_control/meshes/Propeller v1.STL
[4.422s] -- Installing: /home/tanawatp/BaLEGce/balegce_test_ws/install/motor_control/share/motor_control/meshes/Stupid_Pointer.stl
[4.422s] -- Installing: /home/tanawatp/BaLEGce/balegce_test_ws/install/motor_control/share/motor_control/meshes/motor.stl
[4.422s] -- Installing: /home/tanawatp/BaLEGce/balegce_test_ws/install/motor_control/share/motor_control/meshes/assem_rectionwheel.STL
[4.423s] -- Installing: /home/tanawatp/BaLEGce/balegce_test_ws/install/motor_control/share/motor_control/meshes/assem_leg.STL
[4.424s] -- Installing: /home/tanawatp/BaLEGce/balegce_test_ws/install/motor_control/share/ament_index/resource_index/package_run_dependencies/motor_control
[4.424s] -- Installing: /home/tanawatp/BaLEGce/balegce_test_ws/install/motor_control/share/ament_index/resource_index/parent_prefix_path/motor_control
[4.425s] -- Installing: /home/tanawatp/BaLEGce/balegce_test_ws/install/motor_control/share/motor_control/environment/ament_prefix_path.sh
[4.425s] -- Installing: /home/tanawatp/BaLEGce/balegce_test_ws/install/motor_control/share/motor_control/environment/ament_prefix_path.dsv
[4.425s] -- Installing: /home/tanawatp/BaLEGce/balegce_test_ws/install/motor_control/share/motor_control/environment/path.sh
[4.425s] -- Installing: /home/tanawatp/BaLEGce/balegce_test_ws/install/motor_control/share/motor_control/environment/path.dsv
[4.425s] -- Installing: /home/tanawatp/BaLEGce/balegce_test_ws/install/motor_control/share/motor_control/local_setup.bash
[4.426s] -- Installing: /home/tanawatp/BaLEGce/balegce_test_ws/install/motor_control/share/motor_control/local_setup.sh
[4.426s] -- Installing: /home/tanawatp/BaLEGce/balegce_test_ws/install/motor_control/share/motor_control/local_setup.zsh
[4.426s] -- Installing: /home/tanawatp/BaLEGce/balegce_test_ws/install/motor_control/share/motor_control/local_setup.dsv
[4.426s] -- Installing: /home/tanawatp/BaLEGce/balegce_test_ws/install/motor_control/share/motor_control/package.dsv
[4.427s] -- Installing: /home/tanawatp/BaLEGce/balegce_test_ws/install/motor_control/share/ament_index/resource_index/packages/motor_control
[4.428s] -- Installing: /home/tanawatp/BaLEGce/balegce_test_ws/install/motor_control/share/motor_control/cmake/motor_controlConfig.cmake
[4.428s] -- Installing: /home/tanawatp/BaLEGce/balegce_test_ws/install/motor_control/share/motor_control/cmake/motor_controlConfig-version.cmake
[4.429s] -- Installing: /home/tanawatp/BaLEGce/balegce_test_ws/install/motor_control/share/motor_control/package.xml
[4.589s] Invoked command in '/home/tanawatp/BaLEGce/balegce_test_ws/build/motor_control' returned '0': CMAKE_PREFIX_PATH=${CMAKE_PREFIX_PATH}:/home/tanawatp/ros2_workspaceTutorial/install/robot_controller:/opt/ros/humble /usr/bin/cmake --install /home/tanawatp/BaLEGce/balegce_test_ws/build/motor_control
